11:39:52, 59.99388111888112, 59.0, 0.0
11:39:57, 59.98776223776224, 59.0, 0.0
11:40:02, 59.98164335664336, 59.0, 0.0
11:40:07, 59.97552447552448, 59.0, 0.0
11:40:12, 59.9694055944056, 59.0, 0.0
11:40:17, 59.96328671328672, 59.0, 0.0
11:40:22, 59.95716783216784, 59.0, 0.0
11:40:27, 59.95104895104896, 59.0, 0.0
11:40:32, 59.94493006993008, 59.0, 0.0
11:40:37, 59.9388111888112, 59.0, 0.0
11:40:42, 59.93269230769232, 59.0, 0.0
11:40:47, 59.92657342657344, 59.0, 0.0
11:40:52, 59.92045454545456, 59.0, 0.0
11:40:57, 59.91433566433568, 59.0, 0.0
11:41:02, 59.9082167832168, 59.0, 0.0
11:41:07, 59.90209790209792, 59.0, 0.0
11:41:12, 59.89597902097904, 59.0, 0.0
11:41:17, 59.88986013986016, 59.0, 0.0
11:41:22, 59.88374125874128, 59.0, 0.0
11:41:27, 59.8776223776224, 59.0, 0.0
11:41:32, 59.87150349650352, 59.0, 0.0
11:41:37, 59.86538461538464, 59.0, 0.0
11:41:42, 59.85926573426576, 59.0, 0.0
11:41:47, 59.85314685314688, 59.0, 0.0
11:41:52, 59.847027972028, 59.0, 0.0
11:41:57, 59.84090909090912, 59.0, 0.0
11:42:02, 59.83479020979024, 59.0, 0.0
11:42:07, 59.82867132867136, 59.0, 0.0
11:42:12, 59.82255244755248, 59.0, 0.0
11:42:17, 59.81490384615388, 59.0, 0.0
11:42:22, 59.808784965035, 59.0, 0.0
11:42:27, 59.80266608391612, 59.0, 0.0
11:42:32, 59.79654720279724, 59.0, 0.0
11:42:37, 59.79042832167836, 59.0, 0.0
11:42:42, 59.78430944055948, 59.0, 0.0
11:42:47, 59.7781905594406, 59.0, 0.0
11:42:52, 59.77207167832172, 59.0, 0.0
11:42:57, 59.76595279720284, 59.0, 0.0
11:43:02, 59.75983391608396, 59.0, 0.0
11:43:07, 59.75371503496508, 59.0, 0.0
11:43:12, 59.7475961538462, 59.0, 0.0
11:43:17, 59.74147727272732, 59.0, 0.0
11:43:22, 59.73535839160844, 59.0, 0.0
11:43:27, 59.72923951048956, 59.0, 0.0
11:43:32, 59.72312062937068, 59.0, 0.0
11:43:37, 59.7170017482518, 59.0, 0.0
11:43:42, 59.71088286713292, 59.0, 0.0
11:43:47, 59.704763986014044, 59.0, 0.0
11:43:52, 59.698645104895164, 59.0, 0.0
11:43:57, 59.692526223776284, 59.0, 0.0
11:44:02, 59.686407342657404, 59.0, 0.0
11:44:07, 59.680288461538524, 59.0, 0.0
11:44:12, 59.674169580419644, 59.0, 0.0
11:44:17, 59.668050699300764, 59.0, 0.0
11:44:22, 59.661931818181884, 59.0, 0.0
11:44:27, 59.655812937063004, 59.0, 0.0
11:44:32, 59.649694055944124, 59.0, 0.0
11:44:37, 59.643575174825244, 59.0, 0.0
11:44:42, 59.637456293706364, 59.0, 0.0
11:44:47, 59.631337412587484, 59.0, 0.0
11:44:52, 59.625218531468605, 59.0, 0.0
11:44:57, 59.619099650349725, 59.0, 0.0
11:45:02, 59.612980769230845, 59.0, 0.0
11:45:07, 59.606861888111965, 59.0, 0.0
11:45:12, 59.600743006993085, 59.0, 0.0
11:45:17, 59.594624125874205, 59.0, 0.0
11:45:23, 59.588505244755325, 59.0, 0.0
11:45:28, 59.582386363636445, 59.0, 0.0
11:45:33, 59.576267482517565, 59.0, 0.0
11:45:38, 59.570148601398685, 59.0, 0.0
11:45:43, 59.564029720279805, 59.0, 0.0
11:45:48, 59.557910839160925, 59.0, 0.0
11:45:53, 59.551791958042045, 59.0, 0.0
11:45:58, 59.545673076923165, 59.0, 0.0
11:46:03, 59.539554195804286, 59.0, 0.0
11:46:08, 59.533435314685406, 59.0, 0.0
11:46:13, 59.527316433566526, 59.0, 0.0
11:46:18, 59.521197552447646, 59.0, 0.0
11:46:23, 59.515078671328766, 59.0, 0.0
11:46:28, 59.508959790209886, 59.0, 0.0
11:46:33, 59.502840909091006, 59.0, 0.0
11:46:38, 59.496722027972126, 59.0, 0.0
11:46:43, 59.490603146853246, 59.0, 0.0
11:46:48, 59.484484265734366, 59.0, 0.0
11:46:53, 59.478365384615486, 59.0, 0.0
11:46:58, 59.472246503496606, 59.0, 0.0
11:47:03, 59.466127622377726, 59.0, 0.0
11:47:08, 59.46000874125885, 59.0, 0.0
11:47:13, 59.45388986013997, 59.0, 0.0
11:47:18, 59.44777097902109, 59.0, 0.0
11:47:23, 59.44165209790221, 59.0, 0.0
11:47:28, 59.43553321678333, 59.0, 0.0
11:47:33, 59.42941433566445, 59.0, 0.0
11:47:38, 59.42329545454557, 59.0, 0.0
11:47:43, 59.41717657342669, 59.0, 0.0
11:47:48, 59.41105769230781, 59.0, 0.0
11:47:53, 59.40493881118893, 59.0, 0.0
11:47:58, 59.39881993007005, 59.0, 0.0
11:48:03, 59.39270104895117, 59.0, 0.0
11:48:08, 59.38658216783229, 59.0, 0.0
11:48:13, 59.38046328671341, 59.0, 0.0
11:48:18, 59.37434440559453, 59.0, 0.0
11:48:23, 59.36822552447565, 59.0, 0.0
11:48:28, 59.36057692307705, 59.0, 0.0
11:48:33, 59.35445804195817, 59.0, 0.0
11:48:38, 59.34833916083929, 59.0, 0.0
11:48:43, 59.34222027972041, 59.0, 0.0
11:48:48, 59.33610139860153, 59.0, 0.0
11:48:53, 59.32998251748265, 59.0, 0.0
11:48:58, 59.32386363636377, 59.0, 0.0
11:49:03, 59.31774475524489, 59.0, 0.0
11:49:08, 59.31162587412601, 59.0, 0.0
11:49:13, 59.30550699300713, 59.0, 0.0
11:49:18, 59.29938811188825, 59.0, 0.0
11:49:23, 59.29326923076937, 59.0, 0.0
11:49:28, 59.28715034965049, 59.0, 0.0
11:49:33, 59.28103146853161, 59.0, 0.0
11:49:38, 59.27491258741273, 59.0, 0.0
11:49:43, 59.26879370629385, 59.0, 0.0
11:49:48, 59.26267482517497, 59.0, 0.0
11:49:53, 59.25655594405609, 59.0, 0.0
11:49:58, 59.25043706293721, 59.0, 0.0
11:50:03, 59.24431818181833, 59.0, 0.0
11:50:08, 59.23819930069945, 59.0, 0.0
11:50:13, 59.23208041958057, 59.0, 0.0
11:50:18, 59.22596153846169, 59.0, 0.0
11:50:23, 59.21984265734281, 59.0, 0.0
11:50:28, 59.21372377622393, 59.0, 0.0
11:50:33, 59.20760489510505, 59.0, 0.0
11:50:38, 59.20148601398617, 59.0, 0.0
11:50:43, 59.19536713286729, 59.0, 0.0
11:50:48, 59.18924825174841, 59.0, 0.0
11:50:53, 59.18312937062953, 59.0, 0.0
11:50:58, 59.17701048951065, 59.0, 0.0
11:51:03, 59.17089160839177, 59.0, 0.0
11:51:08, 59.16477272727289, 59.0, 0.0
11:51:13, 59.15865384615401, 59.0, 0.0
11:51:18, 59.15253496503513, 59.0, 0.0
11:51:23, 59.14641608391625, 59.0, 0.0
11:51:28, 59.14029720279737, 59.0, 0.0
11:51:33, 59.13417832167849, 59.0, 0.0
11:51:38, 59.12805944055961, 59.0, 0.0
11:51:43, 59.12194055944073, 59.0, 0.0
11:51:48, 59.11582167832185, 59.0, 0.0
11:51:53, 59.10970279720297, 59.0, 0.0
11:51:58, 59.10358391608409, 59.0, 0.0
11:52:03, 59.09746503496521, 59.0, 0.0
11:52:08, 59.09134615384633, 59.0, 0.0
11:52:13, 59.08522727272745, 59.0, 0.0
11:52:18, 59.07910839160857, 59.0, 0.0
11:52:23, 59.07298951048969, 59.0, 0.0
11:52:28, 59.06687062937081, 59.0, 0.0
11:52:33, 59.06075174825193, 59.0, 0.0
11:52:38, 59.05463286713305, 59.0, 0.0
11:52:43, 59.04851398601417, 59.0, 0.0
11:52:48, 59.04239510489529, 59.0, 0.0
11:52:53, 59.03627622377641, 59.0, 0.0
11:52:58, 59.03015734265753, 59.0, 0.0
11:53:03, 59.02403846153865, 59.0, 0.0
11:53:08, 59.01791958041977, 59.0, 0.0
11:53:13, 59.01180069930089, 59.0, 0.0
11:53:18, 59.00568181818201, 59.0, 0.0
11:53:23, 58.99956293706313, 59.0, 363.7014621567004
11:53:28, 59.02526223776243, 59.0, 0.0
11:53:33, 59.01914335664355, 59.0, 0.0
11:53:38, 59.013024475524674, 59.0, 0.0
11:53:43, 59.006905594405794, 59.0, 0.0
11:53:48, 59.000786713286914, 59.0, 0.0
11:53:53, 58.994667832168034, 59.0, 364.10542460913666
11:53:58, 59.02679195804216, 59.0, 0.0
11:54:03, 59.01914335664356, 59.0, 0.0
11:54:08, 59.01149475524496, 59.0, 0.0
11:54:13, 59.00537587412608, 59.0, 0.0
11:54:18, 58.9992569930072, 59.0, 363.7038970802636
11:54:23, 59.0249562937065, 59.0, 0.0
11:54:28, 59.01883741258762, 59.0, 0.0
11:54:33, 59.01271853146874, 59.0, 0.0
11:54:38, 59.00659965034986, 59.0, 0.0
11:54:43, 59.00048076923098, 59.0, 0.0
11:54:48, 58.9943618881121, 59.0, 364.1082140691098
11:54:53, 59.020061188811404, 59.0, 0.0
11:54:58, 59.013942307692524, 59.0, 0.0
11:55:03, 59.007823426573644, 59.0, 0.0
11:55:08, 59.001704545454764, 59.0, 0.0
11:55:13, 58.995585664335884, 59.0, 363.9967815145921
11:55:18, 59.021284965035186, 59.0, 0.0
11:55:23, 59.015166083916306, 59.0, 0.0
11:55:28, 59.009047202797426, 59.0, 0.0
11:55:33, 59.002928321678546, 59.0, 0.0
11:55:38, 58.996809440559666, 59.0, 363.88416717204115
11:55:43, 59.02250874125897, 59.0, 0.0
11:55:48, 59.01638986014009, 59.0, 0.0
11:55:53, 59.01027097902121, 59.0, 0.0
11:55:58, 59.00415209790233, 59.0, 0.0
11:56:03, 58.99803321678345, 59.0, 363.770371041457
11:56:08, 59.02373251748275, 59.0, 0.0
11:56:13, 59.01761363636387, 59.0, 0.0
11:56:18, 59.01149475524499, 59.0, 0.0
11:56:23, 59.00537587412611, 59.0, 0.0
11:56:28, 58.99925699300723, 59.0, 363.6553931228396
11:56:33, 59.02495629370653, 59.0, 0.0
11:56:38, 59.01883741258765, 59.0, 0.0
11:56:43, 59.01271853146877, 59.0, 0.0
11:56:48, 59.00659965034989, 59.0, 0.0
11:56:53, 58.99895104895129, 59.0, 427.86957428057985
11:56:58, 59.030244755245, 59.0, 0.0
11:57:03, 59.02412587412612, 59.0, 0.0
11:57:08, 59.01800699300724, 59.0, 0.0
11:57:13, 59.01188811188836, 59.0, 0.0
11:57:18, 59.00576923076948, 59.0, 0.0
11:57:23, 58.9996503496506, 59.0, 363.5926955663273
11:57:28, 59.0253496503499, 59.0, 0.0
11:57:33, 59.01923076923102, 59.0, 0.0
11:57:38, 59.01311188811214, 59.0, 0.0
11:57:43, 59.00699300699326, 59.0, 0.0
11:57:48, 59.00087412587438, 59.0, 0.0
11:57:53, 58.9947552447555, 59.0, 363.99655672264635
11:57:58, 59.020454545454804, 59.0, 0.0
11:58:03, 59.014335664335924, 59.0, 0.0
11:58:08, 59.008216783217044, 59.0, 0.0
11:58:13, 59.002097902098164, 59.0, 0.0
11:58:18, 58.995979020979284, 59.0, 363.8847443076894
11:58:23, 59.021678321678586, 59.0, 0.0
11:58:28, 59.015559440559706, 59.0, 0.0
11:58:33, 59.009440559440826, 59.0, 0.0
11:58:38, 59.003321678321946, 59.0, 0.0
11:58:43, 58.997202797203066, 59.0, 363.77175010469915
11:58:48, 59.02290209790237, 59.0, 0.0
11:58:53, 59.01678321678349, 59.0, 0.0
11:58:58, 59.01066433566461, 59.0, 0.0
11:59:03, 59.00454545454573, 59.0, 0.0
11:59:08, 58.99842657342685, 59.0, 363.65757411367565
11:59:13, 59.02412587412615, 59.0, 0.0
11:59:18, 59.01800699300727, 59.0, 0.0
11:59:23, 59.01188811188839, 59.0, 0.0
11:59:28, 59.00423951048979, 59.0, 0.0
11:59:33, 58.99659090909119, 59.0, 428.00299503358593
11:59:38, 59.0278846153849, 59.0, 0.0
11:59:43, 59.02176573426602, 59.0, 0.0
11:59:48, 59.01564685314714, 59.0, 0.0
11:59:53, 59.00952797202826, 59.0, 0.0
11:59:58, 59.00340909090938, 59.0, 0.0
12:00:03, 58.9972902097905, 59.016666666666666, 315.0116969091668
12:00:08, 59.01870629370658, 59.03333333333333, 314.61137811082375
12:00:13, 59.04012237762266, 59.05, 314.21014201986446
12:00:18, 59.06145104895133, 59.06666666666666, 313.8154253441499
12:00:23, 59.082779720279994, 59.083333333333336, 313.41980825850584
12:00:28, 59.10402097902126, 59.1, 0.0
12:00:33, 59.09790209790238, 59.11666666666667, 314.96845271633083
12:00:38, 59.11931818181846, 59.13333333333333, 314.5680157391845
12:00:43, 59.14073426573454, 59.15, 314.1666614694219
12:00:48, 59.16206293706321, 59.166666666666664, 313.77182661490343
12:00:53, 59.18339160839189, 59.18333333333333, 0.0
12:00:58, 59.17727272727301, 59.2, 315.31458194443536
12:01:03, 59.198688811189086, 59.21666666666667, 314.91491031572957
12:01:08, 59.220104895105166, 59.233333333333334, 314.51432139440755
12:01:13, 59.241520979021246, 59.25, 314.1128151804693
12:01:18, 59.26284965034992, 59.266666666666666, 313.71782838177506
12:01:23, 59.284178321678596, 59.28333333333333, 0.0
12:01:28, 59.278059440559716, 59.3, 315.260279822955
12:01:33, 59.299475524475795, 59.31666666666666, 314.8604562500735
12:01:38, 59.320891608391875, 59.33333333333333, 314.45971538457576
12:01:43, 59.34222027972054, 59.35, 314.0654939343233
12:01:48, 59.36354895104921, 59.36666666666667, 313.6703720741402
12:01:53, 59.38487762237788, 59.38333333333333, 0.0
12:01:58, 59.378758741259, 59.4, 315.2125533923417
12:02:03, 59.40017482517508, 59.416666666666664, 314.8125947579707
12:02:08, 59.42159090909116, 59.43333333333333, 314.4117188309835
12:02:13, 59.442919580419826, 59.449999999999996, 314.017362319241
12:02:18, 59.464248251748494, 59.46666666666667, 313.622105397569
12:02:23, 59.48557692307716, 59.483333333333334, 0.0
12:02:28, 59.47945804195828, 59.5, 315.1640165927916
12:02:33, 59.50087412587436, 59.516666666666666, 314.7639228969311
12:02:38, 59.52229020979045, 59.53333333333333, 314.3629119084538
12:02:43, 59.543618881119116, 59.55, 313.96842033522177
12:02:48, 59.564947552447784, 59.56666666666666, 313.5730283520596
12:02:53, 59.58627622377645, 59.58333333333333, 0.0
12:02:58, 59.58015734265757, 59.599999999999994, 315.1146694243032
12:03:03, 59.60157342657366, 59.61666666666667, 314.7144406669532
12:03:08, 59.622989510489745, 59.63333333333333, 314.31329461698635
12:03:13, 59.649650349650585, 59.65, 313.46502880274255
12:03:18, 59.67089160839184, 59.666666666666664, 0.0
12:03:23, 59.66477272727296, 59.68333333333333, 315.01359447469935
12:03:28, 59.68618881118905, 59.699999999999996, 314.613118104618
12:03:33, 59.707604895105135, 59.71666666666666, 314.21172444192035
12:03:38, 59.7289335664338, 59.733333333333334, 313.8168501944686
12:03:43, 59.755594405594636, 59.75, 0.0
12:03:48, 59.749475524475756, 59.766666666666666, 314.9048577147526
12:03:53, 59.770891608391835, 59.78333333333333, 314.5041168492549
12:03:58, 59.792307692307915, 59.8, 314.1024586911409
12:04:03, 59.81363636363658, 59.81666666666666, 313.7073199482716
12:04:08, 59.83496503496525, 59.83333333333333, 0.0
12:04:13, 59.82884615384637, 59.849999999999994, 315.2494675011008
12:04:18, 59.85026223776245, 59.86666666666666, 314.84949198404365
12:04:23, 59.87167832167853, 59.88333333333333, 314.44859917437077
12:04:28, 59.893006993007205, 59.9, 314.0542257799414
12:04:33, 59.91433566433588, 59.916666666666664, 313.65895197558206
12:04:38, 59.935664335664555, 59.93333333333333, 0.0
12:04:43, 59.929545454545675, 59.949999999999996, 315.2008294054316
12:04:48, 59.950961538461755, 59.96666666666666, 314.8007188268849
12:04:53, 59.972377622377834, 59.98333333333333, 314.39969095572195
12:04:58, 59.99370629370651, 60.0, 314.0051824998037
12:05:03, 60.015034965035184, 60.016666666666666, 313.6097736339548
12:05:08, 60.03636363636386, 60.03333333333333, 0.0
12:05:13, 60.03024475524498, 60.05, 315.1513809408253
12:05:18, 60.05166083916106, 60.06666666666666, 314.7511353007891
12:05:23, 60.07307692307714, 60.08333333333333, 314.34997236813666
12:05:28, 60.09440559440581, 60.099999999999994, 313.95532885072834
12:05:33, 60.11573426573448, 60.11666666666666, 313.55978492339045
12:05:38, 60.13706293706315, 60.133333333333326, 0.0
12:05:43, 60.13094405594427, 60.15, 315.1011221072832
12:05:48, 60.15236013986035, 60.166666666666664, 314.70074140575747
12:05:53, 60.17377622377643, 60.18333333333333, 314.2994434116155
12:05:58, 60.195104895105096, 60.199999999999996, 313.9046648327183
12:06:03, 60.216433566433764, 60.21666666666666, 313.50898584389097
12:06:08, 60.23776223776243, 60.23333333333333, 0.0
12:06:13, 60.23164335664355, 60.24999999999999, 315.05005290480415
12:06:18, 60.25305944055963, 60.266666666666666, 314.64953714178955
12:06:23, 60.27447552447571, 60.28333333333333, 314.2481040861581
12:06:28, 60.29580419580438, 60.3, 313.85319044577136
12:06:33, 60.31713286713305, 60.31666666666666, 0.0
12:06:38, 60.31101398601417, 60.33333333333333, 315.39578820356564
12:06:43, 60.33243006993025, 60.349999999999994, 314.996037788991
12:06:48, 60.353846153846334, 60.36666666666666, 314.59537008179944
12:06:53, 60.37526223776242, 60.383333333333326, 314.19378508199173
12:06:58, 60.39659090909109, 60.39999999999999, 313.7987194974293
12:07:03, 60.417919580419756, 60.416666666666664, 0.0
12:07:08, 60.411800699300876, 60.43333333333333, 315.34101336687274
12:07:13, 60.43321678321696, 60.449999999999996, 314.9411110081218
12:07:18, 60.45463286713305, 60.46666666666666, 314.5402913567546
12:07:23, 60.47604895104914, 60.48333333333333, 314.13855441277116
12:07:28, 60.497377622377805, 60.49999999999999, 313.74333688403294
12:07:33, 60.51870629370647, 60.51666666666666, 0.0
12:07:38, 60.51258741258759, 60.53333333333333, 315.285326865125
12:07:43, 60.53400349650368, 60.55, 314.88527256219834
12:07:48, 60.560773601398786, 60.56666666666666, 314.02880261016844
12:07:53, 60.582102272727454, 60.58333333333333, 313.6333163653417
12:07:58, 60.60343094405612, 60.599999999999994, 0.0
12:08:03, 60.59731206293724, 60.61666666666666, 315.17476891425616
12:08:08, 60.61872814685333, 60.633333333333326, 314.77444589524106
12:08:13, 60.640144230769415, 60.64999999999999, 314.3732055836096
12:08:18, 60.66147290209808, 60.66666666666666, 313.9784846872235
12:08:23, 60.68280157342675, 60.68333333333333, 313.5828633809079
12:08:28, 60.70413024475542, 60.699999999999996, 0.0
12:08:33, 60.69801136363654, 60.71666666666666, 315.1240458068433
12:08:38, 60.719427447552626, 60.73333333333333, 314.7235877263387
12:08:43, 60.74084353146871, 60.74999999999999, 314.3222123532177
12:08:48, 60.76217220279738, 60.76666666666666, 313.9273563953421
12:08:53, 60.78350087412605, 60.783333333333324, 0.0
12:08:58, 60.77738199300717, 60.8, 315.4700695181592
12:09:03, 60.79879807692325, 60.81666666666666, 315.0703767860957
12:09:08, 60.82021416083933, 60.83333333333333, 314.669766761416
12:09:13, 60.84163024475541, 60.849999999999994, 314.26823944411996
12:09:18, 60.862958916084075, 60.86666666666666, 313.87323154206865
12:09:23, 60.88428758741274, 60.883333333333326, 0.0
12:09:28, 60.87816870629386, 60.89999999999999, 315.4156407765338
12:09:33, 60.89958479020994, 60.91666666666666, 315.0157961002946
12:09:38, 60.92100087412602, 60.93333333333332, 314.61503413143913
12:09:43, 60.9424169580421, 60.949999999999996, 314.213354869968
12:09:48, 60.96374562937077, 60.96666666666666, 313.818195023741
12:09:53, 60.98507430069944, 60.98333333333333, 0.0
12:09:58, 60.97895541958056, 60.99999999999999, 315.36030036985477
12:10:03, 61.00037150349664, 61.01666666666666, 314.9603037494399
12:10:08, 61.02178758741272, 61.033333333333324, 314.55938983640874
12:10:13, 61.0432036713288, 61.04999999999999, 314.15755863076134
12:10:18, 61.06453234265747, 61.06666666666666, 313.76224684035867
12:10:23, 61.08586101398615, 61.08333333333333, 0.0
12:10:28, 61.07974213286727, 61.099999999999994, 315.30404829812045
12:10:33, 61.10115821678335, 61.11666666666666, 314.9038997335299
12:10:38, 61.122574300699426, 61.133333333333326, 314.50283387632305
12:10:43, 61.143990384615506, 61.14999999999999, 314.10085072649997
12:10:48, 61.16531905594418, 61.16666666666666, 313.70538699192093
12:10:53, 61.186647727272856, 61.18333333333332, 0.0
12:10:58, 61.180528846153976, 61.19999999999999, 315.2468845613312
12:11:03, 61.201944930070056, 61.21666666666666, 314.84658405256556
12:11:08, 61.223361013986136, 61.23333333333333, 314.44536625118303
12:11:13, 61.24468968531481, 61.24999999999999, 314.0506678650446
12:11:18, 61.26601835664348, 61.26666666666666, 313.65506906897673
12:11:23, 61.287347027972146, 61.283333333333324, 0.0
12:11:28, 61.281228146853266, 61.29999999999999, 315.19629651540873
12:11:33, 61.302644230769346, 61.316666666666656, 314.7958609451529
12:11:38, 61.324060314685426, 61.33333333333333, 314.39450808228145
12:11:43, 61.34538898601409, 61.349999999999994, 313.9996746346541
12:11:48, 61.36671765734276, 61.36666666666666, 0.0
12:11:53, 61.36059877622388, 61.383333333333326, 315.54243277796724
12:11:58, 61.38210227272738, 61.39999999999999, 315.13532584829045
12:12:03, 61.40351835664346, 61.41666666666666, 314.7347214511728
12:12:08, 61.42493444055954, 61.43333333333332, 314.33319976143883
12:12:13, 61.44626311188821, 61.44999999999999, 313.9381974869496
12:12:18, 61.467591783216875, 61.466666666666654, 0.0
12:12:23, 61.461472902097995, 61.48333333333333, 315.4806179765395
12:12:28, 61.48288898601408, 61.49999999999999, 315.0807789278618
12:12:33, 61.50430506993017, 61.51666666666666, 314.68002258656776
12:12:38, 61.525721153846256, 61.533333333333324, 314.27834895265755
12:12:43, 61.54704982517492, 61.54999999999999, 313.88319473399264
12:12:48, 61.56837849650359, 61.566666666666656, 0.0
12:12:53, 61.56225961538471, 61.58333333333332, 315.42531133523056
12:12:58, 61.5836756993008, 61.599999999999994, 315.0253203423777
12:13:03, 61.605091783216885, 61.61666666666666, 314.624412056908
12:13:08, 61.62650786713297, 61.633333333333326, 314.2225864788221
12:13:13, 61.64783653846164, 61.64999999999999, 313.82728031598145
12:13:18, 61.66916520979031, 61.66666666666666, 0.0
12:13:23, 61.66304632867143, 61.68333333333332, 315.369093028868
12:13:28, 61.689816433566534, 61.69999999999999, 314.5134517353519
12:13:33, 61.71123251748262, 61.716666666666654, 314.11135744117746
12:13:38, 61.73256118881129, 61.73333333333332, 313.7157825622483
12:13:43, 61.75388986013996, 61.74999999999999, 0.0
12:13:48, 61.74777097902108, 61.76666666666666, 315.2570578429583
12:13:53, 61.76918706293716, 61.783333333333324, 314.8566461898407
12:13:58, 61.79060314685325, 61.79999999999999, 314.4553172441068
12:14:03, 61.81193181818192, 61.816666666666656, 314.0605077136183
12:14:08, 61.833260489510586, 61.83333333333332, 313.66479777319967
12:14:13, 61.854589160839254, 61.84999999999999, 0.0
12:14:18, 61.848470279720374, 61.86666666666666, 315.20580293093076
12:14:23, 61.86988636363646, 61.883333333333326, 314.80525621632364
12:14:28, 61.89130244755255, 61.89999999999999, 314.40379220910023
12:14:33, 61.912631118881215, 61.91666666666666, 314.00884761712217
12:14:38, 61.93395979020988, 61.93333333333332, 0.0
12:14:43, 61.927840909091, 61.94999999999999, 315.5513834717338
12:14:48, 61.9493444055945, 61.966666666666654, 315.1441653977063
12:14:53, 61.97076048951058, 61.98333333333332, 314.7434498562379
12:14:58, 61.99217657342666, 61.999999999999986, 314.3418170221532
12:15:03, 62.01350524475533, 62.01666666666666, 313.9467036033138
12:15:08, 62.034833916084, 62.033333333333324, 0.0
12:15:13, 62.02871503496512, 62.04999999999999, 315.4889018042016
12:15:18, 62.0501311188812, 62.066666666666656, 315.08895161117374
12:15:23, 62.07154720279728, 62.08333333333332, 314.6880841255296
12:15:28, 62.092963286713356, 62.09999999999999, 314.2862993472693
12:15:33, 62.11429195804203, 62.11666666666665, 313.891033984253
12:15:38, 62.135620629370706, 62.133333333333326, 0.0
12:15:43, 62.129501748251826, 62.14999999999999, 315.43292829678944
12:15:48, 62.150917832167906, 62.16666666666666, 315.03282615958585
12:15:53, 62.172333916083986, 62.18333333333332, 314.631806729766
12:15:58, 62.193750000000065, 62.19999999999999, 314.22987000732996
12:16:03, 62.21507867132874, 62.216666666666654, 313.834452700138
12:16:08, 62.236407342657415, 62.23333333333332, 0.0
12:16:13, 62.230288461538535, 62.24999999999999, 315.3760431243231
12:16:18, 62.251704545454615, 62.26666666666666, 314.9757890429438
12:16:23, 62.273120629370695, 62.283333333333324, 314.5746176689483
12:16:28, 62.294536713286774, 62.29999999999999, 314.1725290023365
12:16:33, 62.31586538461544, 62.316666666666656, 313.7769597509694
12:16:38, 62.33719405594411, 62.33333333333332, 0.0
12:16:43, 62.33107517482523, 62.34999999999999, 315.318246286803
12:16:48, 62.35249125874131, 62.36666666666666, 314.91784026124867
12:16:53, 62.37390734265739, 62.383333333333326, 314.5165169430775
12:16:58, 62.39532342657347, 62.39999999999999, 314.11427633229
12:17:03, 62.41665209790214, 62.41666666666666, 313.71855513674717
12:17:08, 62.437980769230805, 62.43333333333332, 0.0
12:17:13, 62.431861888111925, 62.44999999999999, 315.2595377842294
12:17:18, 62.45327797202801, 62.466666666666654, 314.8589798144982
12:17:23, 62.4746940559441, 62.48333333333333, 314.45750455215125
12:17:28, 62.496022727272766, 62.49999999999999, 314.06254870504904
12:17:33, 62.517351398601434, 62.51666666666666, 0.0
12:17:38, 62.511232517482554, 62.533333333333324, 315.60506204941237
12:17:43, 62.53273601398605, 62.54999999999999, 315.19783272026075
12:17:48, 62.55415209790214, 62.566666666666656, 314.7971059236676
12:17:53, 62.57556818181823, 62.58333333333332, 314.39546183445816
12:17:58, 62.596896853146895, 62.599999999999994, 314.0003371604947
12:18:03, 62.623557692307735, 62.61666666666666, 0.0
12:18:08, 62.617438811188855, 62.633333333333326, 315.0878438277546
12:18:13, 62.63885489510494, 62.64999999999999, 314.6868525357445
12:18:18, 62.66027097902103, 62.66666666666666, 314.2849439511182
12:18:23, 62.681599650349696, 62.68333333333332, 313.8895547817371
12:18:28, 62.702928321678364, 62.69999999999999, 0.0
12:18:33, 62.696809440559484, 62.716666666666654, 315.4312014815428
12:18:38, 62.71822552447557, 62.73333333333333, 315.03097553797386
12:18:43, 62.73964160839165, 62.74999999999999, 314.62983230178867
12:18:48, 62.76105769230773, 62.76666666666666, 314.2277717729872
12:18:53, 62.7823863636364, 62.783333333333324, 313.8322306594304
12:18:58, 62.803715034965066, 62.79999999999999, 0.0
12:19:03, 62.797596153846186, 62.816666666666656, 315.37357347088465
12:19:08, 62.819012237762266, 62.83333333333332, 314.97319558314
12:19:13, 62.840428321678345, 62.849999999999994, 314.57190040277976
12:19:18, 62.861844405594425, 62.86666666666666, 314.1696879298026
12:19:23, 62.8831730769231, 62.883333333333326, 313.7739948720695
12:19:28, 62.904501748251775, 62.89999999999999, 0.0
12:19:33, 62.898382867132895, 62.91666666666666, 315.3150337951718
12:19:38, 62.919798951048975, 62.93333333333332, 314.9145039632515
12:19:43, 62.941215034965055, 62.94999999999999, 314.5130568387149
12:19:48, 62.962631118881134, 62.966666666666654, 314.110692421562
12:19:53, 62.98395979020981, 62.98333333333333, 0.0
12:19:58, 62.97784090909093, 62.99999999999999, 315.65322827617365
12:20:03, 62.99934440559443, 63.0, 176.67014608379984
12:20:08, 63.00869755244757, 63.0, 0.0
12:20:13, 63.00257867132869, 63.0, 0.0
12:20:18, 62.99645979020981, 63.0, 406.19992932928983
12:20:23, 63.02583041958044, 63.0, 0.0
12:20:28, 63.01971153846156, 63.0, 0.0
12:20:33, 63.01359265734268, 63.0, 0.0
12:20:38, 63.0074737762238, 63.0, 0.0
12:20:43, 63.00135489510492, 63.0, 0.0
12:20:48, 62.99523601398604, 63.0, 406.29160069962273
12:20:53, 63.02460664335666, 63.0, 0.0
12:20:58, 63.01848776223778, 63.0, 0.0
12:21:03, 63.0123688811189, 63.0, 0.0
12:21:08, 63.00625000000002, 63.0, 0.0
12:21:13, 63.00013111888114, 63.0, 0.0
12:21:18, 62.99401223776226, 63.0, 406.38469021559547
12:21:23, 63.023382867132895, 63.0, 0.0
12:21:28, 63.017263986014015, 63.0, 0.0
12:21:33, 63.011145104895135, 63.0, 0.0
12:21:38, 63.005026223776255, 63.0, 0.0
12:21:43, 62.998907342657375, 63.0, 405.9584172933592
12:21:48, 63.02827797202801, 63.0, 0.0
12:21:53, 63.02215909090913, 63.0, 0.0
12:21:58, 63.01451048951053, 63.0, 0.0
12:22:03, 63.00839160839165, 63.0, 0.0
12:22:08, 63.00227272727277, 63.0, 0.0
12:22:13, 62.99615384615389, 63.0, 406.17828110100436
12:22:18, 63.02552447552452, 63.0, 0.0
12:22:23, 63.01940559440564, 63.0, 0.0
12:22:28, 63.01328671328676, 63.0, 0.0
12:22:33, 63.00716783216788, 63.0, 0.0
12:22:38, 63.001048951049, 63.0, 0.0
12:22:43, 62.99493006993012, 63.0, 406.2703070077466
12:22:48, 63.02430069930075, 63.0, 0.0
12:22:53, 63.01818181818187, 63.0, 0.0
12:22:58, 63.01206293706299, 63.0, 0.0
12:23:03, 63.00594405594411, 63.0, 0.0
12:23:08, 62.99982517482523, 63.0, 405.8431477444854
12:23:13, 63.02919580419586, 63.0, 0.0
12:23:18, 63.02307692307698, 63.0, 0.0
12:23:23, 63.0169580419581, 63.0, 0.0
12:23:28, 63.01083916083922, 63.0, 0.0
12:23:33, 63.00472027972034, 63.0, 0.0
12:23:38, 62.99860139860146, 63.0, 405.93091921430863
12:23:43, 63.02797202797209, 63.0, 0.0
12:23:48, 63.02185314685321, 63.0, 0.0
12:23:53, 63.01573426573433, 63.0, 0.0
12:23:58, 63.00961538461545, 63.0, 0.0
12:24:03, 63.00349650349657, 63.0, 0.0
12:24:08, 62.99737762237769, 63.0, 406.02010882977106
12:24:13, 63.026748251748316, 63.0, 0.0
12:24:18, 63.020629370629436, 63.0, 0.0
12:24:23, 63.014510489510556, 63.0, 0.0
12:24:28, 63.008391608391676, 63.0, 0.0
12:24:33, 63.002272727272796, 63.0, 0.0
12:24:38, 62.996153846153916, 63.0, 406.11071659087395
12:24:43, 63.02552447552454, 63.0, 0.0
12:24:48, 63.01940559440566, 63.0, 0.0
12:24:53, 63.01328671328678, 63.0, 0.0
12:24:58, 63.0071678321679, 63.0, 0.0
12:25:03, 63.00104895104902, 63.0, 0.0
12:25:08, 62.99493006993014, 63.0, 406.2027424976168
12:25:13, 63.02430069930077, 63.0, 0.0
12:25:18, 63.01818181818189, 63.0, 0.0
12:25:23, 63.01206293706301, 63.0, 0.0
12:25:28, 63.00594405594413, 63.0, 0.0
12:25:33, 62.99982517482525, 63.0, 405.7755832343562
12:25:38, 63.02919580419588, 63.0, 0.0
12:25:43, 63.023076923077, 63.0, 0.0
12:25:48, 63.01695804195812, 63.0, 0.0
12:25:53, 63.01083916083924, 63.0, 0.0
12:25:58, 63.00319055944064, 63.0, 0.0
12:26:03, 62.99554195804204, 63.0, 470.3241334031457
12:26:08, 63.03050699300707, 63.0, 0.0
12:26:13, 63.02438811188819, 63.0, 0.0
12:26:18, 63.01826923076931, 63.0, 0.0
12:26:23, 63.01215034965043, 63.0, 0.0
12:26:28, 63.00603146853155, 63.0, 0.0
12:26:33, 62.99991258741267, 63.0, 405.7353181431997
12:26:38, 63.029283216783305, 63.0, 0.0
12:26:43, 63.023164335664426, 63.0, 0.0
12:26:48, 63.017045454545546, 63.0, 0.0
12:26:53, 63.010926573426666, 63.0, 0.0
12:26:58, 63.004807692307786, 63.0, 0.0
12:27:03, 62.997159090909186, 63.0, 470.15332918129604
12:27:08, 63.03212412587422, 63.0, 0.0
12:27:13, 63.02600524475534, 63.0, 0.0
12:27:18, 63.01988636363646, 63.0, 0.0
12:27:23, 63.01376748251758, 63.0, 0.0
12:27:28, 63.0076486013987, 63.0, 0.0
12:27:33, 63.00152972027982, 63.0, 0.0
12:27:38, 62.99541083916094, 63.0, 406.08291404644564
12:27:43, 63.02478146853157, 63.0, 0.0
12:27:48, 63.01866258741269, 63.0, 0.0
12:27:53, 63.01254370629381, 63.0, 0.0
12:27:58, 63.00642482517493, 63.0, 0.0
12:28:03, 63.00030594405605, 63.0, 0.0
12:28:08, 62.99418706293717, 63.0, 406.1758009701834
12:28:13, 63.0235576923078, 63.0, 0.0
12:28:18, 63.01743881118892, 63.0, 0.0
12:28:23, 63.01131993007004, 63.0, 0.0
12:28:28, 63.00520104895116, 63.0, 0.0
12:28:33, 62.99908216783228, 63.0, 405.7493592210858
12:28:38, 63.0284527972029, 63.0, 0.0
12:28:43, 63.02233391608402, 63.0, 0.0
12:28:48, 63.01621503496514, 63.0, 0.0
12:28:53, 63.01009615384626, 63.0, 0.0
12:28:58, 63.00397727272738, 63.0, 0.0
12:29:03, 62.9978583916085, 63.0, 405.83799170790456
12:29:08, 63.027229020979135, 63.0, 0.0
12:29:13, 63.021110139860255, 63.0, 0.0
12:29:18, 63.014991258741375, 63.0, 0.0
12:29:23, 63.008872377622495, 63.0, 0.0
12:29:28, 63.002753496503615, 63.0, 0.0
12:29:33, 62.996634615384735, 63.0, 405.9280423403626
12:29:38, 63.02600524475537, 63.0, 0.0
12:29:43, 63.01988636363649, 63.0, 0.0
12:29:48, 63.01376748251761, 63.0, 0.0
12:29:53, 63.00764860139873, 63.0, 0.0
12:29:58, 63.00152972027985, 63.0, 0.0
12:30:03, 62.99541083916097, 63.0, 406.0195111184605
12:30:08, 63.02478146853159, 63.0, 0.0
12:30:13, 63.01866258741271, 63.0, 0.0
12:30:18, 63.01254370629383, 63.0, 0.0
12:30:23, 63.00642482517495, 63.0, 0.0
12:30:28, 63.00030594405607, 63.0, 0.0
12:30:33, 62.99418706293719, 63.0, 406.11239804219883
12:30:38, 63.023557692307826, 63.0, 0.0
12:30:43, 63.017438811188946, 63.0, 0.0
12:30:48, 63.011319930070066, 63.0, 0.0
12:30:53, 63.005201048951186, 63.0, 0.0
12:30:58, 62.999082167832306, 63.0, 405.6859562931006
12:31:03, 63.02845279720294, 63.0, 0.0
12:31:08, 63.02233391608406, 63.0, 0.0
12:31:13, 63.01621503496518, 63.0, 0.0
12:31:18, 63.0100961538463, 63.0, 0.0
12:31:23, 63.00397727272742, 63.0, 0.0
12:31:28, 62.99785839160854, 63.0, 405.77458877991876
12:31:33, 63.02722902097917, 63.0, 0.0
12:31:38, 63.01958041958057, 63.0, 0.0
12:31:43, 63.01346153846169, 63.0, 0.0
12:31:48, 63.00734265734281, 63.0, 0.0
12:31:53, 63.00122377622393, 63.0, 0.0
12:31:58, 62.99510489510505, 63.0, 405.9959635879777
12:32:03, 63.02447552447568, 63.0, 0.0
12:32:08, 63.0183566433568, 63.0, 0.0
12:32:13, 63.01223776223792, 63.0, 0.0
12:32:18, 63.00611888111904, 63.0, 0.0
12:32:23, 63.00000000000016, 63.0, 0.0
12:32:28, 62.99388111888128, 63.0, 406.08920504812534
12:32:33, 63.023251748251916, 63.0, 0.0
12:32:38, 63.017132867133036, 63.0, 0.0
12:32:43, 63.011013986014156, 63.0, 0.0
12:32:48, 63.004895104895276, 63.0, 0.0
12:32:53, 62.998776223776396, 63.0, 405.6630587460354
12:32:58, 63.02814685314703, 63.0, 0.0
12:33:03, 63.02202797202815, 63.0, 0.0
12:33:08, 63.01590909090927, 63.0, 0.0
12:33:13, 63.00979020979039, 63.0, 0.0
12:33:18, 63.00367132867151, 63.0, 0.0
12:33:23, 62.99755244755263, 63.0, 405.7520457692634
12:33:28, 63.026923076923254, 63.0, 0.0
12:33:33, 63.020804195804374, 63.0, 0.0
12:33:38, 63.014685314685494, 63.0, 0.0
12:33:43, 63.008566433566614, 63.0, 0.0
12:33:48, 63.002447552447734, 63.0, 0.0
12:33:53, 62.996328671328854, 63.0, 405.84245093813195
12:33:58, 63.025699300699486, 63.0, 0.0
12:34:03, 63.019580419580606, 63.0, 0.0
12:34:08, 63.013461538461726, 63.0, 0.0
12:34:13, 63.007342657342846, 63.0, 0.0
12:34:18, 63.001223776223966, 63.0, 0.0
12:34:23, 62.99510489510509, 63.0, 405.93427425263974
12:34:28, 63.02447552447572, 63.0, 0.0
12:34:33, 63.01835664335684, 63.0, 0.0
12:34:38, 63.01223776223796, 63.0, 0.0
12:34:43, 63.00611888111908, 63.0, 0.0
12:34:48, 63.0000000000002, 63.0, 0.0
12:34:53, 62.99388111888132, 63.0, 406.02751571278736
12:34:58, 63.023251748251944, 63.0, 0.0
12:35:03, 63.017132867133064, 63.0, 0.0
12:35:08, 63.011013986014184, 63.0, 0.0
12:35:13, 63.004895104895304, 63.0, 0.0
12:35:18, 62.998776223776424, 63.0, 405.601369410698
12:35:23, 63.02814685314705, 63.0, 0.0
12:35:28, 63.02202797202817, 63.0, 0.0
12:35:33, 63.01590909090929, 63.0, 0.0
12:35:38, 63.00979020979041, 63.0, 0.0
12:35:43, 63.00367132867153, 63.0, 0.0
12:35:48, 62.99755244755265, 63.0, 405.69035643392664
12:35:53, 63.02692307692328, 63.0, 0.0
12:35:58, 63.0208041958044, 63.0, 0.0
12:36:03, 63.01468531468552, 63.0, 0.0
12:36:08, 63.00856643356664, 63.0, 0.0
12:36:13, 63.00244755244776, 63.0, 0.0
12:36:18, 62.99632867132888, 63.0, 405.78076160279454
12:36:23, 63.025699300699515, 63.0, 0.0
12:36:28, 63.019580419580635, 63.0, 0.0
12:36:33, 63.011931818182035, 63.0, 0.0
12:36:38, 63.005812937063155, 63.0, 0.0
12:36:43, 62.999694055944275, 63.0, 405.4829850062224
12:36:48, 63.028977272727495, 63.0, 0.0
12:36:53, 63.022858391608615, 63.0, 0.0
12:36:58, 63.016739510489735, 63.0, 0.0
12:37:03, 63.010620629370855, 63.0, 0.0
12:37:08, 63.004501748251975, 63.0, 0.0
12:37:13, 62.998382867133095, 63.0, 405.5784295415124
12:37:18, 63.02775349650373, 63.0, 0.0
12:37:23, 63.02163461538485, 63.0, 0.0
12:37:28, 63.01551573426597, 63.0, 0.0
12:37:33, 63.00939685314709, 63.0, 0.0
12:37:38, 63.00327797202821, 63.0, 0.0
12:37:43, 62.99715909090933, 63.0, 405.6678723972675
12:37:48, 63.02652972027995, 63.0, 0.0
12:37:53, 63.02041083916107, 63.0, 0.0
12:37:58, 63.01429195804219, 63.0, 0.0
12:38:03, 63.00817307692331, 63.0, 0.0
12:38:08, 63.00205419580443, 63.0, 0.0
12:38:13, 62.99593531468555, 63.0, 405.75873339866314
12:38:18, 63.025305944056186, 63.0, 0.0
12:38:23, 63.019187062937306, 63.0, 0.0
12:38:28, 63.013068181818426, 63.0, 0.0
12:38:33, 63.006949300699546, 63.0, 0.0
12:38:38, 63.000830419580666, 63.0, 0.0
12:38:43, 62.994711538461786, 63.0, 405.8510125456979
12:38:48, 63.02408216783242, 63.0, 0.0
12:38:53, 63.01796328671354, 63.0, 0.0
12:38:58, 63.01184440559466, 63.0, 0.0
12:39:03, 63.00572552447578, 63.0, 0.0
12:39:08, 62.9996066433569, 63.0, 405.42406431601387
12:39:13, 63.02888986014011, 63.0, 0.0
12:39:18, 63.02277097902123, 63.0, 0.0
12:39:23, 63.01665209790235, 63.0, 0.0
12:39:28, 63.01053321678347, 63.0, 0.0
12:39:33, 63.00441433566459, 63.0, 0.0
12:39:38, 62.99829545454571, 63.0, 405.51961014742164
12:39:43, 63.02766608391634, 63.0, 0.0
12:39:48, 63.02154720279746, 63.0, 0.0
12:39:53, 63.01542832167858, 63.0, 0.0
12:39:58, 63.0093094405597, 63.0, 0.0
12:40:03, 63.00319055944082, 63.0, 0.0
12:40:08, 62.99707167832194, 63.0, 405.60915429929446
12:40:13, 63.02644230769256, 63.0, 0.0
12:40:18, 63.02032342657368, 63.0, 0.0
12:40:23, 63.0142045454548, 63.0, 0.0
12:40:28, 63.00808566433592, 63.0, 0.0
12:40:33, 63.00196678321704, 63.0, 0.0
12:40:38, 62.99584790209816, 63.0, 405.7001165968071
12:40:43, 63.025218531468795, 63.0, 0.0
12:40:48, 63.019099650349915, 63.0, 0.0
12:40:53, 63.012980769231035, 63.0, 0.0
12:40:58, 63.006861888112155, 63.0, 0.0
12:41:03, 62.999213286713555, 63.0, 469.6024118569117
12:41:08, 63.04291958041985, 63.0, 0.0
12:41:13, 63.03680069930097, 63.0, 0.0
12:41:18, 63.03068181818209, 63.0, 0.0
12:41:23, 63.02456293706321, 63.0, 0.0
12:41:28, 63.01844405594433, 63.0, 0.0
12:41:33, 63.01232517482545, 63.0, 0.0
12:41:38, 63.00620629370657, 63.0, 0.0
12:41:43, 63.00008741258769, 63.0, 0.0
12:41:48, 62.99396853146881, 63.0, 405.8153426695043
12:41:53, 63.02333916083944, 63.0, 0.0
12:41:58, 63.01722027972056, 63.0, 0.0
12:42:03, 63.01110139860168, 63.0, 0.0
12:42:08, 63.0049825174828, 63.0, 0.0
12:42:13, 62.99886363636392, 63.0, 405.3891119539833
12:42:18, 63.02814685314714, 63.0, 0.0
12:42:23, 63.02202797202826, 63.0, 0.0
12:42:28, 63.01590909090938, 63.0, 0.0
12:42:33, 63.0097902097905, 63.0, 0.0
12:42:38, 63.00367132867162, 63.0, 0.0
12:42:43, 62.99755244755274, 63.0, 405.48551880238597
12:42:48, 63.02683566433596, 63.0, 0.0
12:42:53, 63.02071678321708, 63.0, 0.0
12:42:58, 63.0145979020982, 63.0, 0.0
12:43:03, 63.00847902097932, 63.0, 0.0
12:43:08, 63.00236013986044, 63.0, 0.0
12:43:13, 62.99624125874156, 63.0, 405.5834450925457
12:43:18, 63.02561188811219, 63.0, 0.0
12:43:23, 63.01949300699331, 63.0, 0.0
12:43:28, 63.01337412587443, 63.0, 0.0
12:43:33, 63.00725524475555, 63.0, 0.0
12:43:38, 63.00113636363667, 63.0, 0.0
12:43:43, 62.99501748251779, 63.0, 405.67536970317104
12:43:48, 63.02438811188842, 63.0, 0.0
12:43:53, 63.01826923076954, 63.0, 0.0
12:43:58, 63.01215034965066, 63.0, 0.0
12:44:03, 63.00603146853178, 63.0, 0.0
12:44:08, 62.9999125874129, 63.0, 405.24812602647864
12:44:13, 63.029195804196114, 63.0, 0.0
12:44:18, 63.023076923077234, 63.0, 0.0
12:44:23, 63.016958041958354, 63.0, 0.0
12:44:28, 63.010839160839474, 63.0, 0.0
12:44:33, 63.004720279720594, 63.0, 0.0
12:44:38, 62.998601398601714, 63.0, 405.3433173214763
12:44:43, 63.027884615384934, 63.0, 0.0
12:44:48, 63.021765734266054, 63.0, 0.0
12:44:53, 63.015646853147175, 63.0, 0.0
12:44:58, 63.009527972028295, 63.0, 0.0
12:45:03, 63.003409090909415, 63.0, 0.0
12:45:08, 62.997290209790535, 63.0, 405.4400280582304
12:45:13, 63.026573426573755, 63.0, 0.0
12:45:18, 63.020454545454875, 63.0, 0.0
12:45:23, 63.014335664335995, 63.0, 0.0
12:45:28, 63.008216783217115, 63.0, 0.0
12:45:33, 63.002097902098235, 63.0, 0.0
12:45:38, 62.995979020979355, 63.0, 405.53825823674146
12:45:43, 63.02534965034999, 63.0, 0.0
12:45:48, 63.01923076923111, 63.0, 0.0
12:45:53, 63.01311188811223, 63.0, 0.0
12:45:58, 63.00699300699335, 63.0, 0.0
12:46:03, 63.00087412587447, 63.0, 0.0
12:46:08, 62.99475524475559, 63.0, 405.63048673571757
12:46:13, 63.031468531468875, 63.0, 0.0
12:46:18, 63.025349650349995, 63.0, 0.0
12:46:23, 63.019230769231115, 63.0, 0.0
12:46:28, 63.013111888112235, 63.0, 0.0
12:46:33, 63.006993006993355, 63.0, 0.0
12:46:38, 63.000874125874475, 63.0, 0.0
12:46:43, 62.994755244755595, 63.0, 405.61275991521825
12:46:48, 63.02412587412623, 63.0, 0.0
12:46:53, 63.01800699300735, 63.0, 0.0
12:46:58, 63.01188811188847, 63.0, 0.0
12:47:03, 63.00576923076959, 63.0, 0.0
12:47:08, 62.99965034965071, 63.0, 405.18576947881866
12:47:13, 63.02893356643393, 63.0, 0.0
12:47:18, 63.02281468531505, 63.0, 0.0
12:47:23, 63.01669580419617, 63.0, 0.0
12:47:28, 63.01057692307729, 63.0, 0.0
12:47:33, 63.00445804195841, 63.0, 0.0
12:47:38, 62.99833916083953, 63.0, 405.2812646621671
12:47:43, 63.02762237762275, 63.0, 0.0
12:47:48, 63.02150349650387, 63.0, 0.0
12:47:53, 63.01538461538499, 63.0, 0.0
12:47:58, 63.00926573426611, 63.0, 0.0
12:48:03, 63.00314685314723, 63.0, 0.0
12:48:08, 62.99702797202835, 63.0, 405.37827928727245
12:48:13, 63.02631118881156, 63.0, 0.0
12:48:18, 63.02019230769268, 63.0, 0.0
12:48:23, 63.0140734265738, 63.0, 0.0
12:48:28, 63.00795454545492, 63.0, 0.0
12:48:33, 63.00183566433604, 63.0, 0.0
12:48:38, 62.99571678321716, 63.0, 405.4768133541355
12:48:43, 63.025000000000375, 63.0, 0.0
12:48:48, 63.018881118881495, 63.0, 0.0
12:48:53, 63.012762237762615, 63.0, 0.0
12:48:58, 63.006643356643735, 63.0, 0.0
12:49:03, 63.000524475524855, 63.0, 0.0
12:49:08, 62.994405594405976, 63.0, 405.5768668627555
12:49:13, 63.0237762237766, 63.0, 0.0
12:49:18, 63.01765734265772, 63.0, 0.0
12:49:23, 63.01153846153884, 63.0, 0.0
12:49:28, 63.00541958041996, 63.0, 0.0
12:49:33, 62.99930069930108, 63.0, 405.1502140800802
12:49:38, 63.0285839160843, 63.0, 0.0
12:49:43, 63.02246503496542, 63.0, 0.0
12:49:48, 63.01634615384654, 63.0, 0.0
12:49:53, 63.01022727272766, 63.0, 0.0
12:49:58, 63.00410839160878, 63.0, 0.0
12:50:03, 62.9979895104899, 63.0, 405.2461144478972
12:50:08, 63.02727272727312, 63.0, 0.0
12:50:13, 63.02115384615424, 63.0, 0.0
12:50:18, 63.01503496503536, 63.0, 0.0
12:50:23, 63.00891608391648, 63.0, 0.0
12:50:28, 63.0027972027976, 63.0, 0.0
12:50:33, 62.99667832167872, 63.0, 405.3435342574711
12:50:38, 63.02596153846194, 63.0, 0.0
12:50:43, 63.01984265734306, 63.0, 0.0
12:50:48, 63.01372377622418, 63.0, 0.0
12:50:53, 63.0076048951053, 63.0, 0.0
12:50:58, 63.00148601398642, 63.0, 0.0
12:51:03, 62.99536713286754, 63.0, 405.442473508802
12:51:08, 63.03197115384656, 63.0, 0.0
12:51:13, 63.02585227272768, 63.0, 0.0
12:51:18, 63.0197333916088, 63.0, 0.0
12:51:23, 63.01361451048992, 63.0, 0.0
12:51:28, 63.00749562937104, 63.0, 0.0
12:51:33, 63.00137674825216, 63.0, 0.0
12:51:38, 62.99525786713328, 63.0, 405.4333419416521
12:51:43, 63.0245410839165, 63.0, 0.0
12:51:48, 63.01842220279762, 63.0, 0.0
12:51:53, 63.01230332167874, 63.0, 0.0
12:51:58, 63.00618444055986, 63.0, 0.0
12:52:03, 63.00006555944098, 63.0, 0.0
12:52:08, 62.993946678322104, 63.0, 405.5339272548864
12:52:13, 63.02331730769273, 63.0, 0.0
12:52:18, 63.01719842657385, 63.0, 0.0
12:52:23, 63.01107954545497, 63.0, 0.0
12:52:28, 63.00496066433609, 63.0, 0.0
12:52:33, 62.99884178321721, 63.0, 405.1077176427236
12:52:38, 63.02812500000043, 63.0, 0.0
12:52:43, 63.02200611888155, 63.0, 0.0
12:52:48, 63.01588723776267, 63.0, 0.0
12:52:53, 63.00976835664379, 63.0, 0.0
12:52:58, 63.00364947552491, 63.0, 0.0
12:53:03, 62.99753059440603, 63.0, 405.2041498151554
12:53:08, 63.02681381118924, 63.0, 0.0
12:53:13, 63.02069493007036, 63.0, 0.0
12:53:18, 63.01457604895148, 63.0, 0.0
12:53:23, 63.0084571678326, 63.0, 0.0
12:53:28, 63.00233828671372, 63.0, 0.0
12:53:33, 62.99621940559484, 63.0, 405.3021014293448
12:53:38, 63.025502622378056, 63.0, 0.0
12:53:43, 63.019383741259176, 63.0, 0.0
12:53:48, 63.013264860140296, 63.0, 0.0
12:53:53, 63.007145979021416, 63.0, 0.0
12:53:58, 63.001027097902536, 63.0, 0.0
12:54:03, 62.99490821678366, 63.0, 405.40157248529124
12:54:08, 63.02419143356688, 63.0, 0.0
12:54:13, 63.018072552448, 63.0, 0.0
12:54:18, 63.01195367132912, 63.0, 0.0
12:54:23, 63.00583479021024, 63.0, 0.0
12:54:28, 62.99971590909136, 63.0, 404.98193856399314
12:54:33, 63.02899912587458, 63.0, 0.0
12:54:38, 63.0228802447557, 63.0, 0.0
12:54:43, 63.01676136363682, 63.0, 0.0
12:54:48, 63.01064248251794, 63.0, 0.0
12:54:53, 63.00452360139906, 63.0, 0.0
12:54:58, 62.99840472028018, 63.0, 405.07735777525363
12:55:03, 63.0276879370634, 63.0, 0.0
12:55:08, 63.02156905594452, 63.0, 0.0
12:55:13, 63.01545017482564, 63.0, 0.0
12:55:18, 63.00933129370676, 63.0, 0.0
12:55:23, 63.00321241258788, 63.0, 0.0
12:55:28, 62.997093531469, 63.0, 405.1742964282711
12:55:33, 63.02637674825222, 63.0, 0.0
12:55:38, 63.02025786713334, 63.0, 0.0
12:55:43, 63.01413898601446, 63.0, 0.0
12:55:48, 63.00802010489558, 63.0, 0.0
12:55:53, 63.0019012237767, 63.0, 0.0
12:55:58, 62.99578234265782, 63.0, 405.27275452304553
12:56:03, 63.02506555944104, 63.0, 0.0
12:56:08, 63.01894667832216, 63.0, 0.0
12:56:13, 63.01282779720328, 63.0, 0.0
12:56:18, 63.0067089160844, 63.0, 0.0
12:56:23, 62.9990603146858, 63.0, 469.18261733182885
12:56:28, 63.03393793706342, 63.0, 0.0
12:56:33, 63.02781905594454, 63.0, 0.0
12:56:38, 63.02170017482566, 63.0, 0.0
12:56:43, 63.01558129370678, 63.0, 0.0
12:56:48, 63.0094624125879, 63.0, 0.0
12:56:53, 63.00334353146902, 63.0, 0.0
12:56:58, 62.99722465035014, 63.0, 405.1171698119838
12:57:03, 63.02650786713336, 63.0, 0.0
12:57:08, 63.02038898601448, 63.0, 0.0
12:57:13, 63.0142701048956, 63.0, 0.0
12:57:18, 63.00815122377672, 63.0, 0.0
12:57:23, 63.00203234265784, 63.0, 0.0
12:57:28, 62.99591346153896, 63.0, 405.21547596258245
12:57:33, 63.02519667832218, 63.0, 0.0
12:57:38, 63.0190777972033, 63.0, 0.0
12:57:43, 63.01295891608442, 63.0, 0.0
12:57:48, 63.00684003496554, 63.0, 0.0
12:57:53, 63.00072115384666, 63.0, 0.0
12:57:58, 62.99460227272778, 63.0, 405.3153015549382
12:58:03, 63.023885489511, 63.0, 0.0
12:58:08, 63.01776660839212, 63.0, 0.0
12:58:13, 63.01164772727324, 63.0, 0.0
12:58:18, 63.00552884615436, 63.0, 0.0
12:58:23, 62.99940996503548, 63.0, 404.8959630806483
12:58:28, 63.0286931818187, 63.0, 0.0
12:58:33, 63.02257430069982, 63.0, 0.0
12:58:38, 63.01645541958094, 63.0, 0.0
12:58:43, 63.01033653846206, 63.0, 0.0
12:58:48, 63.00421765734318, 63.0, 0.0
12:58:53, 62.9980987762243, 63.0, 404.99173682831866
12:58:58, 63.027381993007516, 63.0, 0.0
12:59:03, 63.021263111888636, 63.0, 0.0
12:59:08, 63.01514423076976, 63.0, 0.0
12:59:13, 63.00902534965088, 63.0, 0.0
12:59:18, 63.002906468532, 63.0, 0.0
12:59:23, 62.99678758741312, 63.0, 405.0890300177466
12:59:28, 63.02607080419633, 63.0, 0.0
12:59:33, 63.01995192307745, 63.0, 0.0
12:59:38, 63.01383304195857, 63.0, 0.0
12:59:43, 63.00771416083969, 63.0, 0.0
12:59:48, 63.00159527972081, 63.0, 0.0
12:59:53, 62.99547639860193, 63.0, 405.18784264893156
12:59:58, 63.02475961538515, 63.0, 0.0
01:00:03, 63.01864073426627, 63.0, 0.0
01:00:08, 63.01252185314739, 63.0, 0.0
01:00:13, 63.00640297202851, 63.0, 0.0
01:00:18, 63.00028409090963, 63.0, 0.0
01:00:23, 62.99416520979075, 63.0, 405.2881747218729
01:00:28, 63.02344842657397, 63.0, 0.0
01:00:33, 63.01732954545509, 63.0, 0.0
01:00:38, 63.01121066433621, 63.0, 0.0
01:00:43, 63.00509178321733, 63.0, 0.0
01:00:48, 62.99897290209845, 63.0, 404.86925831473775
01:00:53, 63.02825611888167, 63.0, 0.0
01:00:58, 63.02213723776279, 63.0, 0.0
01:01:03, 63.01601835664391, 63.0, 0.0
01:01:08, 63.00989947552503, 63.0, 0.0
01:01:13, 63.00378059440615, 63.0, 0.0
01:01:18, 62.99766171328727, 63.0, 404.9655385429937
01:01:23, 63.02694493007049, 63.0, 0.0
01:01:28, 63.01929632867189, 63.0, 0.0
01:01:33, 63.01317744755301, 63.0, 0.0
01:01:38, 63.00705856643413, 63.0, 0.0
01:01:43, 63.00093968531525, 63.0, 0.0
01:01:48, 62.99482080419637, 63.0, 405.19466238860764
01:01:53, 63.02410402097959, 63.0, 0.0
01:01:58, 63.01798513986071, 63.0, 0.0
01:02:03, 63.01186625874183, 63.0, 0.0
01:02:08, 63.00574737762295, 63.0, 0.0
01:02:13, 62.99962849650407, 63.0, 404.7751128807404
01:02:18, 63.02891171328729, 63.0, 0.0
01:02:23, 63.02279283216841, 63.0, 0.0
01:02:28, 63.01667395104953, 63.0, 0.0
01:02:33, 63.01055506993065, 63.0, 0.0
01:02:38, 63.00443618881177, 63.0, 0.0
01:02:43, 62.99831730769289, 63.0, 404.8706333881178
01:02:48, 63.027600524476114, 63.0, 0.0
01:02:53, 63.021481643357234, 63.0, 0.0
01:02:58, 63.015362762238354, 63.0, 0.0
01:03:03, 63.009243881119474, 63.0, 0.0
01:03:08, 63.003125000000594, 63.0, 0.0
01:03:13, 62.997006118881714, 63.0, 404.9676733372523
01:03:18, 63.026289335664934, 63.0, 0.0
01:03:23, 63.020170454546054, 63.0, 0.0
01:03:28, 63.014051573427174, 63.0, 0.0
01:03:33, 63.007932692308295, 63.0, 0.0
01:03:38, 63.001813811189415, 63.0, 0.0
01:03:43, 62.995694930070535, 63.0, 405.06623272814375
01:03:48, 63.02497814685375, 63.0, 0.0
01:03:53, 63.01885926573487, 63.0, 0.0
01:03:58, 63.01274038461599, 63.0, 0.0
01:04:03, 63.00662150349711, 63.0, 0.0
01:04:08, 63.00050262237823, 63.0, 0.0
01:04:13, 62.99438374125935, 63.0, 405.16631156079274
01:04:18, 63.02366695804257, 63.0, 0.0
01:04:23, 63.01754807692369, 63.0, 0.0
01:04:28, 63.01142919580481, 63.0, 0.0
01:04:33, 63.00531031468593, 63.0, 0.0
01:04:38, 62.99919143356705, 63.0, 404.74718412008014
01:04:43, 63.02847465035027, 63.0, 0.0
01:04:48, 63.02235576923139, 63.0, 0.0
01:04:53, 63.01623688811251, 63.0, 0.0
01:04:58, 63.01011800699363, 63.0, 0.0
01:05:03, 63.00399912587475, 63.0, 0.0
01:05:08, 62.99788024475587, 63.0, 404.8432111080432
01:05:13, 63.02716346153909, 63.0, 0.0
01:05:18, 63.02104458042021, 63.0, 0.0
01:05:23, 63.01492569930133, 63.0, 0.0
01:05:28, 63.00880681818245, 63.0, 0.0
01:05:33, 63.00268793706357, 63.0, 0.0
01:05:38, 62.99656905594469, 63.0, 404.94075753776326
01:05:43, 63.02585227272791, 63.0, 0.0
01:05:48, 63.01973339160903, 63.0, 0.0
01:05:53, 63.01361451049015, 63.0, 0.0
01:05:58, 63.00749562937127, 63.0, 0.0
01:06:03, 63.00137674825239, 63.0, 0.0
01:06:08, 62.99525786713351, 63.0, 405.03982340924034
01:06:13, 63.03186188811253, 63.0, 0.0
01:06:18, 63.02574300699365, 63.0, 0.0
01:06:23, 63.01962412587477, 63.0, 0.0
01:06:28, 63.01350524475589, 63.0, 0.0
01:06:33, 63.00738636363701, 63.0, 0.0
01:06:38, 63.00126748251813, 63.0, 0.0
01:06:43, 62.99514860139925, 63.0, 405.0308395655943
01:06:48, 63.02443181818247, 63.0, 0.0
01:06:53, 63.01831293706359, 63.0, 0.0
01:06:58, 63.01219405594471, 63.0, 0.0
01:07:03, 63.00607517482583, 63.0, 0.0
01:07:08, 62.99995629370695, 63.0, 404.6109735073609
01:07:13, 63.02923951049017, 63.0, 0.0
01:07:18, 63.02312062937129, 63.0, 0.0
01:07:23, 63.01700174825241, 63.0, 0.0
01:07:28, 63.01088286713353, 63.0, 0.0
01:07:33, 63.00476398601465, 63.0, 0.0
01:07:38, 62.99864510489577, 63.0, 404.70611415429903
01:07:43, 63.02792832167899, 63.0, 0.0
01:07:48, 63.02180944056011, 63.0, 0.0
01:07:53, 63.01569055944123, 63.0, 0.0
01:07:58, 63.00957167832235, 63.0, 0.0
01:08:03, 63.00345279720347, 63.0, 0.0
01:08:08, 62.99733391608459, 63.0, 404.80277424299413
01:08:13, 63.02661713286781, 63.0, 0.0
01:08:18, 63.02049825174893, 63.0, 0.0
01:08:23, 63.01437937063005, 63.0, 0.0
01:08:28, 63.00826048951117, 63.0, 0.0
01:08:33, 63.00214160839229, 63.0, 0.0
01:08:38, 62.99602272727341, 63.0, 404.9009537734462
01:08:43, 63.025305944056626, 63.0, 0.0
01:08:48, 63.019187062937746, 63.0, 0.0
01:08:53, 63.013068181818866, 63.0, 0.0
01:08:58, 63.006949300699986, 63.0, 0.0
01:09:03, 63.000830419581106, 63.0, 0.0
01:09:08, 62.99471153846223, 63.0, 405.0006527456559
01:09:13, 63.02399475524544, 63.0, 0.0
01:09:18, 63.01787587412656, 63.0, 0.0
01:09:23, 63.01175699300768, 63.0, 0.0
01:09:28, 63.0056381118888, 63.0, 0.0
01:09:33, 62.99951923076992, 63.0, 404.5812087545777
01:09:38, 63.02880244755313, 63.0, 0.0
01:09:43, 63.02268356643425, 63.0, 0.0
01:09:48, 63.01656468531537, 63.0, 0.0
01:09:53, 63.01044580419649, 63.0, 0.0
01:09:58, 63.00432692307761, 63.0, 0.0
01:10:03, 62.99820804195873, 63.0, 404.6768558821021
01:10:08, 63.027491258741954, 63.0, 0.0
01:10:13, 63.021372377623074, 63.0, 0.0
01:10:18, 63.015253496504194, 63.0, 0.0
01:10:23, 63.009134615385314, 63.0, 0.0
01:10:28, 63.003015734266434, 63.0, 0.0
01:10:33, 62.996896853147554, 63.0, 404.77402245138285
01:10:38, 63.026180069930774, 63.0, 0.0
01:10:43, 63.020061188811894, 63.0, 0.0
01:10:48, 63.013942307693014, 63.0, 0.0
01:10:53, 63.007823426574134, 63.0, 0.0
01:10:58, 63.001704545455254, 63.0, 0.0
01:11:03, 62.995585664336375, 63.0, 404.8727084624205
01:11:08, 63.024868881119595, 63.0, 0.0
01:11:13, 63.018750000000715, 63.0, 0.0
01:11:18, 63.012631118881835, 63.0, 0.0
01:11:23, 63.006512237762955, 63.0, 0.0
01:11:28, 63.000393356644075, 63.0, 0.0
01:11:33, 62.994274475525195, 63.0, 404.97291391521526
01:11:38, 63.030878496504215, 63.0, 0.0
01:11:43, 63.024759615385335, 63.0, 0.0
01:11:48, 63.018640734266455, 63.0, 0.0
01:11:53, 63.012521853147575, 63.0, 0.0
01:11:58, 63.006402972028695, 63.0, 0.0
01:12:03, 63.000284090909815, 63.0, 0.0
01:12:08, 62.994165209790935, 63.0, 404.96525958310644
01:12:13, 63.023448426574156, 63.0, 0.0
01:12:18, 63.017329545455276, 63.0, 0.0
01:12:23, 63.011210664336396, 63.0, 0.0
01:12:28, 63.005091783217516, 63.0, 0.0
01:12:33, 62.998972902098636, 63.0, 404.5463431759712
01:12:38, 63.028256118881856, 63.0, 0.0
01:12:43, 63.022137237762976, 63.0, 0.0
01:12:48, 63.016018356644096, 63.0, 0.0
01:12:53, 63.009899475525216, 63.0, 0.0
01:12:58, 63.00378059440634, 63.0, 0.0
01:13:03, 62.99766171328746, 63.0, 404.6426234042269
01:13:08, 63.02694493007068, 63.0, 0.0
01:13:13, 63.0208260489518, 63.0, 0.0
01:13:18, 63.01470716783292, 63.0, 0.0
01:13:23, 63.00858828671404, 63.0, 0.0
01:13:28, 63.00246940559516, 63.0, 0.0
01:13:33, 62.99635052447628, 63.0, 404.74042307423963
01:13:38, 63.0256337412595, 63.0, 0.0
01:13:43, 63.01951486014062, 63.0, 0.0
01:13:48, 63.01339597902174, 63.0, 0.0
01:13:53, 63.00727709790286, 63.0, 0.0
01:13:58, 63.00115821678398, 63.0, 0.0
01:14:03, 62.9950393356651, 63.0, 404.8397421860094
01:14:08, 63.02432255244831, 63.0, 0.0
01:14:13, 63.01820367132943, 63.0, 0.0
01:14:18, 63.01208479021055, 63.0, 0.0
01:14:23, 63.00596590909167, 63.0, 0.0
01:14:28, 62.99984702797279, 63.0, 404.41998164456515
01:14:33, 63.0290428321686, 63.0, 0.0
01:14:38, 63.02292395104972, 63.0, 0.0
01:14:43, 63.01680506993084, 63.0, 0.0
01:14:48, 63.01068618881196, 63.0, 0.0
01:14:53, 63.00456730769308, 63.0, 0.0
01:14:58, 62.9984484265742, 63.0, 404.5227700329415
01:15:03, 63.02773164335741, 63.0, 0.0
01:15:08, 63.02161276223853, 63.0, 0.0
01:15:13, 63.01549388111965, 63.0, 0.0
01:15:18, 63.00937500000077, 63.0, 0.0
01:15:23, 63.00325611888189, 63.0, 0.0
01:15:28, 62.99713723776301, 63.0, 404.61965803790065
01:15:33, 63.02642045454623, 63.0, 0.0
01:15:38, 63.02030157342735, 63.0, 0.0
01:15:43, 63.014182692308474, 63.0, 0.0
01:15:48, 63.008063811189594, 63.0, 0.0
01:15:53, 63.001944930070714, 63.0, 0.0
01:15:58, 62.995826048951834, 63.0, 404.7180654846162
01:16:03, 63.025109265735054, 63.0, 0.0
01:16:08, 63.018990384616174, 63.0, 0.0
01:16:13, 63.012871503497294, 63.0, 0.0
01:16:18, 63.006752622378414, 63.0, 0.0
01:16:23, 63.000633741259534, 63.0, 0.0
01:16:28, 62.994514860140654, 63.0, 404.8179923730887
01:16:33, 63.023798076923875, 63.0, 0.0
01:16:38, 63.017679195804995, 63.0, 0.0
01:16:43, 63.011560314686115, 63.0, 0.0
01:16:48, 63.005441433567235, 63.0, 0.0
01:16:53, 62.999322552448355, 63.0, 404.3987383122295
01:16:58, 63.028518356644156, 63.0, 0.0
01:17:03, 63.020869755245556, 63.0, 0.0
01:17:08, 63.014750874126676, 63.0, 0.0
01:17:13, 63.008631993007796, 63.0, 0.0
01:17:18, 63.002513111888916, 63.0, 0.0
01:17:23, 62.996394230770036, 63.0, 404.6334586529101
01:17:28, 63.02567744755326, 63.0, 0.0
01:17:33, 63.01955856643438, 63.0, 0.0
01:17:38, 63.0134396853155, 63.0, 0.0
01:17:43, 63.00732080419662, 63.0, 0.0
01:17:48, 63.00120192307774, 63.0, 0.0
01:17:53, 62.99508304195886, 63.0, 404.7327271166212
01:17:58, 63.02436625874208, 63.0, 0.0
01:18:03, 63.0182473776232, 63.0, 0.0
01:18:08, 63.01212849650432, 63.0, 0.0
01:18:13, 63.00600961538544, 63.0, 0.0
01:18:18, 62.99989073426656, 63.0, 404.3129243684608
01:18:23, 63.029086538462366, 63.0, 0.0
01:18:28, 63.022967657343486, 63.0, 0.0
01:18:33, 63.016848776224606, 63.0, 0.0
01:18:38, 63.010729895105726, 63.0, 0.0
01:18:43, 63.004611013986846, 63.0, 0.0
01:18:48, 62.998492132867966, 63.0, 404.4156621087785
01:18:53, 63.027687937063774, 63.0, 0.0
01:18:58, 63.021569055944894, 63.0, 0.0
01:19:03, 63.015450174826015, 63.0, 0.0
01:19:08, 63.009331293707135, 63.0, 0.0
01:19:13, 63.003212412588255, 63.0, 0.0
01:19:18, 62.997093531469375, 63.0, 404.5200205869703
01:19:23, 63.02637674825259, 63.0, 0.0
01:19:28, 63.02025786713371, 63.0, 0.0
01:19:33, 63.01413898601483, 63.0, 0.0
01:19:38, 63.00802010489595, 63.0, 0.0
01:19:43, 63.00190122377707, 63.0, 0.0
01:19:48, 62.99578234265819, 63.0, 404.61847868174493
01:19:53, 63.02506555944141, 63.0, 0.0
01:19:58, 63.01894667832253, 63.0, 0.0
01:20:03, 63.01282779720365, 70.0, 2200.0
01:20:08, 63.199016608392455, 70.0, 0.0
01:20:13, 63.192897727273575, 70.0, 2200.0
01:20:18, 63.37908653846239, 70.0, 0.0
01:20:23, 63.37296765734351, 70.0, 2200.0
01:20:28, 63.55915646853232, 70.0, 0.0
01:20:33, 63.55303758741344, 70.0, 2200.0
01:20:38, 63.739226398602256, 70.0, 0.0
01:20:43, 63.733107517483376, 70.0, 2200.0
01:20:48, 63.91929632867219, 70.0, 0.0
01:20:53, 63.91317744755331, 70.0, 2200.0
01:20:58, 64.09936625874212, 70.0, 0.0
01:21:03, 64.09324737762324, 70.0, 2200.0
01:21:08, 64.32598339160926, 70.0, 0.0
01:21:13, 64.31986451049038, 70.0, 2200.0
01:21:18, 64.50605332167919, 70.0, 0.0
01:21:23, 64.49993444056031, 70.0, 2200.0
01:21:28, 64.68612325174912, 70.0, 0.0
01:21:33, 64.68000437063024, 70.0, 2200.0
01:21:38, 64.86619318181906, 70.0, 0.0
01:21:43, 64.86007430070018, 70.0, 2200.0
01:21:48, 65.04626311188899, 70.0, 0.0
01:21:53, 65.04014423077011, 70.0, 2200.0
01:21:58, 65.22633304195892, 70.0, 0.0
01:22:03, 65.22021416084004, 70.0, 2200.0
01:22:08, 65.40640297202886, 70.0, 0.0
01:22:13, 65.40028409090998, 70.0, 2200.0
01:22:18, 65.58647290209879, 70.0, 0.0
01:22:23, 65.58035402097991, 70.0, 2200.0
01:22:28, 65.76654283216872, 70.0, 0.0
01:22:33, 65.76042395104984, 70.0, 2200.0
01:22:38, 65.94661276223866, 70.0, 0.0
01:22:43, 65.94049388111978, 70.0, 2200.0
01:22:48, 66.12668269230859, 70.0, 0.0
01:22:53, 66.12056381118971, 70.0, 2200.0
01:22:58, 66.30675262237851, 70.0, 0.0
01:23:03, 66.30063374125963, 70.0, 2200.0
01:23:08, 66.48682255244843, 70.0, 0.0
01:23:13, 66.48070367132955, 70.0, 2200.0
01:23:18, 66.66689248251835, 70.0, 0.0
01:23:23, 66.66077360139947, 70.0, 2200.0
01:23:28, 66.84696241258827, 70.0, 0.0
01:23:33, 66.84084353146939, 70.0, 2200.0
01:23:38, 67.02703234265819, 70.0, 0.0
01:23:43, 67.02091346153931, 70.0, 2200.0
01:23:48, 67.20710227272812, 70.0, 0.0
01:23:53, 67.20098339160924, 70.0, 2200.0
01:23:58, 67.38717220279806, 70.0, 0.0
01:24:03, 67.38105332167918, 70.0, 2200.0
01:24:08, 67.56724213286799, 70.0, 0.0
01:24:13, 67.56112325174911, 70.0, 2200.0
01:24:18, 67.74731206293792, 70.0, 0.0
01:24:23, 67.74119318181904, 70.0, 2200.0
01:24:28, 67.92738199300786, 70.0, 0.0
01:24:33, 67.92126311188898, 70.0, 2200.0
01:24:38, 68.10745192307779, 70.0, 0.0
01:24:43, 68.10133304195891, 70.0, 2200.0
01:24:48, 68.28752185314772, 70.0, 0.0
01:24:53, 68.28140297202884, 70.0, 2200.0
01:24:58, 68.46759178321766, 70.0, 0.0
01:25:03, 68.46147290209878, 70.0, 2200.0
01:25:08, 68.64766171328759, 70.0, 0.0
01:25:13, 68.64154283216871, 70.0, 2200.0
01:25:18, 68.82773164335752, 70.0, 0.0
01:25:23, 68.82161276223864, 70.0, 2200.0
01:25:28, 69.05434877622466, 70.0, 0.0
01:25:33, 69.04822989510578, 70.0, 584.4416687965471
01:25:38, 69.09315996503585, 70.0, 0.0
01:25:43, 69.08704108391697, 70.0, 581.4987386213456
01:25:48, 69.1317089160848, 70.0, 0.0
01:25:53, 69.12559003496592, 70.0, 578.5631773924506
01:25:58, 69.17008304195893, 70.0, 0.0
01:26:03, 69.16396416084005, 70.0, 575.6276328154312
01:26:08, 69.20819493007082, 70.0, 0.0
01:26:13, 69.20207604895194, 70.0, 572.6996260115802
01:26:18, 69.24604458042047, 70.0, 0.0
01:26:23, 69.2399256993016, 70.0, 569.7792582770132
01:26:28, 69.28363199300789, 70.0, 0.0
01:26:33, 69.27751311188901, 70.0, 566.866630907849
01:26:38, 69.32095716783307, 70.0, 0.0
01:26:43, 69.31483828671419, 70.0, 563.9618452002031
01:26:48, 69.35802010489601, 70.0, 0.0
01:26:53, 69.35190122377713, 70.0, 561.0650024501941
01:26:58, 69.39482080419673, 70.0, 0.0
01:27:03, 69.38870192307785, 70.0, 558.1762039539378
01:27:08, 69.43135926573518, 70.0, 0.0
01:27:13, 69.4252403846163, 70.0, 555.2955510075537
01:27:18, 69.4676354895114, 70.0, 0.0
01:27:23, 69.46151660839251, 70.0, 552.423144907158
01:27:28, 69.50364947552538, 70.0, 0.0
01:27:33, 69.4975305944065, 70.0, 549.5590869488663
01:27:38, 69.53948863636455, 70.0, 0.0
01:27:43, 69.53336975524567, 70.0, 546.6960248382481
01:27:48, 69.57506555944147, 70.0, 0.0
01:27:53, 69.56894667832259, 70.0, 543.8414796965983
01:27:58, 69.61038024475616, 70.0, 0.0
01:28:03, 69.60426136363728, 70.0, 540.9955528200317
01:28:08, 69.6454326923086, 70.0, 0.0
01:28:13, 69.63931381118972, 70.0, 538.1583455046666
01:28:18, 69.68022290209882, 70.0, 0.0
01:28:23, 69.67410402097994, 70.0, 535.329959046619
01:28:28, 69.71475087412678, 70.0, 0.0
01:28:33, 69.7086319930079, 70.0, 532.5104947420082
01:28:38, 69.74910402097993, 70.0, 0.0
01:28:43, 69.74298513986105, 70.0, 529.6926002964015
01:28:48, 69.78319493007085, 70.0, 0.0
01:28:53, 69.77707604895197, 70.0, 526.8837968310911
01:28:58, 69.81702360139953, 70.0, 0.0
01:29:03, 69.81090472028065, 70.0, 524.0841856421955
01:29:08, 69.85059003496596, 70.0, 0.0
01:29:13, 69.84447115384708, 70.0, 521.2938680258319
01:29:18, 69.88389423077015, 70.0, 0.0
01:29:23, 69.87777534965127, 70.0, 518.5129452781173
01:29:28, 69.91702360139952, 70.0, 0.0
01:29:33, 69.91090472028064, 70.0, 515.7340651046211
01:29:38, 69.94989073426666, 70.0, 0.0
01:29:43, 69.94224213286806, 70.0, 577.2950894910255
01:29:48, 69.98656031468624, 70.0, 0.0
01:29:53, 69.98044143356736, 70.0, 509.85880062683935
01:29:58, 70.0189029720289, 70.0, 0.0
01:30:03, 70.01278409091002, 70.0, 0.0
01:30:08, 70.00666520979114, 70.0, 0.0
01:30:13, 70.00054632867226, 70.0, 0.0
01:30:18, 69.99442744755338, 70.0, 508.665192074757
01:30:23, 70.0328015734275, 70.0, 0.0
01:30:28, 70.02668269230863, 70.0, 0.0
01:30:33, 70.02056381118975, 70.0, 0.0
01:30:38, 70.01444493007087, 70.0, 0.0
01:30:43, 70.00832604895199, 70.0, 0.0
01:30:48, 70.0022071678331, 70.0, 0.0
01:30:53, 69.99608828671423, 70.0, 508.50468634918434
01:30:58, 70.03446241258834, 70.0, 0.0
01:31:03, 70.02834353146946, 70.0, 0.0
01:31:08, 70.02222465035058, 70.0, 0.0
01:31:13, 70.0161057692317, 70.0, 0.0
01:31:18, 70.00998688811282, 70.0, 0.0
01:31:23, 70.00386800699394, 70.0, 0.0
01:31:28, 69.99774912587506, 70.0, 508.3419352263498
01:31:33, 70.03603583916177, 70.0, 0.0
01:31:38, 70.02991695804289, 70.0, 0.0
01:31:43, 70.02379807692401, 70.0, 0.0
01:31:48, 70.01767919580513, 70.0, 0.0
01:31:53, 70.01156031468625, 70.0, 0.0
01:31:58, 70.00544143356737, 70.0, 0.0
01:32:03, 69.99932255244849, 70.0, 508.1844767102296
01:32:08, 70.0376092657352, 70.0, 0.0
01:32:13, 70.03149038461632, 70.0, 0.0
01:32:18, 70.02537150349744, 70.0, 0.0
01:32:23, 70.01925262237856, 70.0, 0.0
01:32:28, 70.01313374125968, 70.0, 0.0
01:32:33, 70.0070148601408, 70.0, 0.0
01:32:38, 70.00089597902192, 70.0, 0.0
01:32:43, 69.99477709790304, 70.0, 508.5452874783869
01:32:48, 70.03315122377715, 70.0, 0.0
01:32:53, 70.02703234265827, 70.0, 0.0
01:32:58, 70.0209134615394, 70.0, 0.0
01:33:03, 70.01479458042051, 70.0, 0.0
01:33:08, 70.00867569930163, 70.0, 0.0
01:33:13, 70.00255681818275, 70.0, 0.0
01:33:18, 69.99643793706387, 70.0, 508.3843090376022
01:33:23, 70.03472465035058, 70.0, 0.0
01:33:28, 70.0286057692317, 70.0, 0.0
01:33:33, 70.02248688811282, 70.0, 0.0
01:33:38, 70.01636800699394, 70.0, 0.0
01:33:43, 70.01024912587506, 70.0, 0.0
01:33:48, 70.00413024475618, 70.0, 0.0
01:33:53, 69.9980113636373, 70.0, 508.2286232035318
01:33:58, 70.03629807692401, 70.0, 0.0
01:34:03, 70.03017919580513, 70.0, 0.0
01:34:08, 70.02406031468625, 70.0, 0.0
01:34:13, 70.01794143356737, 70.0, 0.0
01:34:18, 70.01029283216877, 70.0, 0.0
01:34:23, 70.00417395104989, 70.0, 0.0
01:34:28, 69.99805506993101, 70.0, 508.201543432586
01:34:33, 70.03634178321772, 70.0, 0.0
01:34:38, 70.03022290209884, 70.0, 0.0
01:34:43, 70.02410402097996, 70.0, 0.0
01:34:48, 70.01798513986108, 70.0, 0.0
01:34:53, 70.0118662587422, 70.0, 0.0
01:34:58, 70.00574737762332, 70.0, 0.0
01:35:03, 69.99962849650444, 70.0, 508.0436712906542
01:35:08, 70.03791520979115, 70.0, 0.0
01:35:13, 70.03179632867227, 70.0, 0.0
01:35:18, 70.02567744755339, 70.0, 0.0
01:35:23, 70.01955856643451, 70.0, 0.0
01:35:28, 70.01343968531563, 70.0, 0.0
01:35:33, 70.00732080419675, 70.0, 0.0
01:35:38, 70.00120192307787, 70.0, 0.0
01:35:43, 69.99508304195899, 70.0, 508.4040093435982
01:35:48, 70.0333697552457, 70.0, 0.0
01:35:53, 70.02725087412682, 70.0, 0.0
01:35:58, 70.02113199300794, 70.0, 0.0
01:36:03, 70.01501311188906, 70.0, 0.0
01:36:08, 70.00889423077018, 70.0, 0.0
01:36:13, 70.0027753496513, 70.0, 0.0
01:36:18, 69.99665646853242, 70.0, 508.25015528097924
01:36:23, 70.03494318181913, 70.0, 0.0
01:36:28, 70.02882430070025, 70.0, 0.0
01:36:33, 70.02270541958137, 70.0, 0.0
01:36:38, 70.01658653846249, 70.0, 0.0
01:36:43, 70.01046765734361, 70.0, 0.0
01:36:48, 70.00434877622473, 70.0, 0.0
01:36:53, 69.99822989510585, 70.0, 508.0941739999006
01:36:58, 70.03651660839256, 70.0, 0.0
01:37:03, 70.03039772727368, 70.0, 0.0
01:37:08, 70.0242788461548, 70.0, 0.0
01:37:13, 70.01815996503592, 70.0, 0.0
01:37:18, 70.01204108391704, 70.0, 0.0
01:37:23, 70.00592220279816, 70.0, 0.0
01:37:28, 69.99980332167928, 70.0, 507.93606550036213
01:37:33, 70.03809003496599, 70.0, 0.0
01:37:38, 70.03197115384711, 70.0, 0.0
01:37:43, 70.02585227272823, 70.0, 0.0
01:37:48, 70.01973339160935, 70.0, 0.0
01:37:53, 70.01361451049047, 70.0, 0.0
01:37:58, 70.00749562937159, 70.0, 0.0
01:38:03, 69.99984702797299, 70.0, 572.1061706467548
01:38:08, 70.04372814685411, 70.0, 0.0
01:38:13, 70.03760926573523, 70.0, 0.0
01:38:18, 70.03149038461635, 70.0, 0.0
01:38:23, 70.02537150349747, 70.0, 0.0
01:38:28, 70.01925262237859, 70.0, 0.0
01:38:33, 70.01313374125971, 70.0, 0.0
01:38:38, 70.00701486014083, 70.0, 0.0
01:38:43, 70.00089597902195, 70.0, 0.0
01:38:48, 69.99477709790307, 70.0, 508.3028563253713
01:38:53, 70.03306381118978, 70.0, 0.0
01:38:58, 70.0269449300709, 70.0, 0.0
01:39:03, 70.02082604895202, 70.0, 0.0
01:39:08, 70.01470716783314, 70.0, 0.0
01:39:13, 70.00858828671426, 70.0, 0.0
01:39:18, 70.00246940559538, 70.0, 0.0
01:39:23, 69.9963505244765, 70.0, 508.149415888564
01:39:28, 70.0346372377632, 70.0, 0.0
01:39:33, 70.02851835664433, 70.0, 0.0
01:39:38, 70.02239947552545, 70.0, 0.0
01:39:43, 70.01628059440657, 70.0, 0.0
01:39:48, 70.01016171328769, 70.0, 0.0
01:39:53, 70.0040428321688, 70.0, 0.0
01:39:58, 69.99792395104993, 70.0, 507.99384823329694
01:40:03, 70.03621066433664, 70.0, 0.0
01:40:08, 70.03009178321776, 70.0, 0.0
01:40:13, 70.02397290209888, 70.0, 0.0
01:40:18, 70.01785402098, 70.0, 0.0
01:40:23, 70.01173513986112, 70.0, 0.0
01:40:28, 70.00561625874224, 70.0, 0.0
01:40:33, 69.99949737762336, 70.0, 507.8361533595701
01:40:38, 70.03778409091007, 70.0, 0.0
01:40:43, 70.03166520979119, 70.0, 0.0
01:40:48, 70.0255463286723, 70.0, 0.0
01:40:53, 70.0178977272737, 70.0, 0.0
01:40:58, 70.01177884615483, 70.0, 0.0
01:41:03, 70.00565996503595, 70.0, 0.0
01:41:08, 69.99954108391707, 70.0, 507.80735999597607
01:41:13, 70.03782779720378, 70.0, 0.0
01:41:18, 70.0317089160849, 70.0, 0.0
01:41:23, 70.02559003496602, 70.0, 0.0
01:41:28, 70.01947115384714, 70.0, 0.0
01:41:33, 70.01335227272826, 70.0, 0.0
01:41:38, 70.00723339160938, 70.0, 0.0
01:41:43, 70.0011145104905, 70.0, 0.0
01:41:48, 69.99499562937162, 70.0, 508.1678331104095
01:41:53, 70.03328234265832, 70.0, 0.0
01:41:58, 70.02716346153944, 70.0, 0.0
01:42:03, 70.02104458042056, 70.0, 0.0
01:42:08, 70.01492569930168, 70.0, 0.0
01:42:13, 70.0088068181828, 70.0, 0.0
01:42:18, 70.00268793706393, 70.0, 0.0
01:42:23, 69.99656905594505, 70.0, 508.0140972265939
01:42:28, 70.03485576923175, 70.0, 0.0
01:42:33, 70.02873688811287, 70.0, 0.0
01:42:38, 70.022618006994, 70.0, 0.0
01:42:43, 70.01649912587511, 70.0, 0.0
01:42:48, 70.01038024475623, 70.0, 0.0
01:42:53, 70.00426136363735, 70.0, 0.0
01:42:58, 69.99814248251847, 70.0, 507.8582341243185
01:43:03, 70.03642919580518, 70.0, 0.0
01:43:08, 70.0303103146863, 70.0, 0.0
01:43:13, 70.02419143356742, 70.0, 0.0
01:43:18, 70.01807255244854, 70.0, 0.0
01:43:23, 70.01195367132966, 70.0, 0.0
01:43:28, 70.00583479021078, 70.0, 0.0
01:43:33, 69.9997159090919, 70.0, 507.7002438035833
01:43:38, 70.03800262237861, 70.0, 0.0
01:43:43, 70.03188374125973, 70.0, 0.0
01:43:48, 70.02576486014085, 70.0, 0.0
01:43:53, 70.01964597902197, 70.0, 0.0
01:43:58, 70.0135270979031, 70.0, 0.0
01:44:03, 70.00740821678421, 70.0, 0.0
01:44:08, 70.00128933566533, 70.0, 0.0
01:44:13, 69.99517045454645, 70.0, 508.0604467950377
01:44:18, 70.04302884615484, 70.0, 0.0
01:44:23, 70.03690996503596, 70.0, 0.0
01:44:28, 70.03079108391708, 70.0, 0.0
01:44:33, 70.0246722027982, 70.0, 0.0
01:44:38, 70.01855332167932, 70.0, 0.0
01:44:43, 70.01243444056044, 70.0, 0.0
01:44:48, 70.00631555944156, 70.0, 0.0
01:44:53, 70.00019667832268, 70.0, 0.0
01:44:58, 69.9940777972038, 70.0, 508.12094445842877
01:45:03, 70.03236451049051, 70.0, 0.0
01:45:08, 70.02624562937163, 70.0, 0.0
01:45:13, 70.02012674825275, 70.0, 0.0
01:45:18, 70.01400786713387, 70.0, 0.0
01:45:23, 70.00788898601499, 70.0, 0.0
01:45:28, 70.00177010489611, 70.0, 0.0
01:45:33, 69.99565122377723, 78.0, 2200.0
01:45:38, 70.18184003496603, 78.0, 0.0
01:45:43, 70.17572115384715, 78.0, 2200.0
01:45:48, 70.36190996503595, 78.0, 0.0
01:45:53, 70.35579108391707, 78.0, 2200.0
01:45:58, 70.54197989510587, 78.0, 0.0
01:46:03, 70.53586101398699, 78.0, 2200.0
01:46:08, 70.72204982517579, 78.0, 0.0
01:46:13, 70.71593094405691, 78.0, 2200.0
01:46:18, 70.90211975524572, 78.0, 0.0
01:46:23, 70.89600087412684, 78.0, 2200.0
01:46:28, 71.08218968531565, 78.0, 0.0
01:46:33, 71.07607080419677, 78.0, 2200.0
01:46:38, 71.26225961538559, 78.0, 0.0
01:46:43, 71.25614073426671, 78.0, 2200.0
01:46:48, 71.44232954545552, 78.0, 0.0
01:46:53, 71.43621066433664, 78.0, 2200.0
01:46:58, 71.62239947552546, 78.0, 0.0
01:47:03, 71.61628059440658, 78.0, 2200.0
01:47:08, 71.80246940559539, 78.0, 0.0
01:47:13, 71.79635052447651, 78.0, 2200.0
01:47:18, 71.98253933566532, 78.0, 0.0
01:47:23, 71.97642045454644, 78.0, 2200.0
01:47:28, 72.16260926573526, 78.0, 0.0
01:47:33, 72.15649038461638, 78.0, 2200.0
01:47:38, 72.38922639860239, 78.0, 0.0
01:47:43, 72.38310751748351, 78.0, 2200.0
01:47:48, 72.56929632867232, 78.0, 0.0
01:47:53, 72.56317744755344, 78.0, 2200.0
01:47:58, 72.74936625874226, 78.0, 0.0
01:48:03, 72.74324737762338, 78.0, 2200.0
01:48:09, 72.92943618881219, 78.0, 0.0
01:48:14, 72.92331730769331, 78.0, 2200.0
01:48:19, 73.10950611888212, 78.0, 0.0
01:48:24, 73.10338723776324, 78.0, 2200.0
01:48:29, 73.28957604895206, 78.0, 0.0
01:48:34, 73.28345716783318, 78.0, 2200.0
01:48:39, 73.46964597902199, 78.0, 0.0
01:48:44, 73.46352709790311, 78.0, 2200.0
01:48:49, 73.64971590909191, 78.0, 0.0
01:48:54, 73.64359702797303, 78.0, 2200.0
01:48:59, 73.82978583916183, 78.0, 0.0
01:49:04, 73.82366695804295, 78.0, 2200.0
01:49:09, 74.00985576923175, 78.0, 0.0
01:49:14, 74.00373688811287, 78.0, 2200.0
01:49:19, 74.18992569930167, 78.0, 0.0
01:49:24, 74.18380681818279, 78.0, 2200.0
01:49:29, 74.36999562937159, 78.0, 0.0
01:49:34, 74.36387674825271, 78.0, 2200.0
01:49:39, 74.55006555944152, 78.0, 0.0
01:49:44, 74.54394667832264, 78.0, 2200.0
01:49:49, 74.73013548951145, 78.0, 0.0
01:49:54, 74.72401660839257, 78.0, 2200.0
01:49:59, 74.91020541958139, 78.0, 0.0
01:50:04, 74.90408653846251, 78.0, 2200.0
01:50:09, 75.09027534965132, 78.0, 0.0
01:50:14, 75.08415646853244, 78.0, 2200.0
01:50:19, 75.27034527972125, 78.0, 0.0
01:50:24, 75.26422639860237, 78.0, 2200.0
01:50:29, 75.45041520979119, 78.0, 0.0
01:50:34, 75.44429632867231, 78.0, 2200.0
01:50:39, 75.63048513986112, 78.0, 0.0
01:50:44, 75.62283653846252, 78.0, 2200.0
01:50:49, 75.80902534965134, 78.0, 0.0
01:50:54, 75.80290646853246, 78.0, 2200.0
01:50:59, 75.98909527972127, 78.0, 0.0
01:51:04, 75.98297639860239, 78.0, 2200.0
01:51:09, 76.1691652097912, 78.0, 0.0
01:51:14, 76.16304632867232, 78.0, 2200.0
01:51:19, 76.34923513986114, 78.0, 0.0
01:51:24, 76.34311625874226, 78.0, 2200.0
01:51:29, 76.52930506993107, 78.0, 0.0
01:51:34, 76.52318618881219, 78.0, 2200.0
01:51:39, 76.709375000001, 78.0, 0.0
01:51:44, 76.70325611888212, 78.0, 2200.0
01:51:49, 76.88944493007094, 78.0, 0.0
01:51:54, 76.88332604895206, 78.0, 2200.0
01:51:59, 77.06951486014087, 78.0, 0.0
01:52:04, 77.06339597902199, 78.0, 653.2511615246661
01:52:09, 77.11435751748353, 78.0, 0.0
01:52:14, 77.10823863636465, 78.0, 649.7880753096007
01:52:19, 77.15893793706395, 78.0, 0.0
01:52:24, 77.15281905594507, 78.0, 646.3300282301465
01:52:29, 77.20316870629473, 78.0, 0.0
01:52:34, 77.19704982517585, 78.0, 642.8845751729682
01:52:39, 77.24713723776327, 78.0, 0.0
01:52:44, 77.24101835664439, 78.0, 639.4443976090088
01:52:49, 77.29075611888216, 78.0, 0.0
01:52:54, 77.28463723776328, 78.0, 636.0170504249322
01:52:59, 77.33411276223879, 78.0, 0.0
01:53:04, 77.32799388111991, 78.0, 632.5952150916823
01:53:09, 77.37720716783319, 78.0, 0.0
01:53:14, 77.37108828671431, 78.0, 629.1789929053741
01:53:19, 77.41995192307795, 78.0, 0.0
01:53:24, 77.41383304195907, 78.0, 625.7759387526723
01:53:29, 77.46243444056046, 78.0, 0.0
01:53:34, 77.45631555944158, 78.0, 622.3787341045199
01:53:39, 77.50456730769332, 78.0, 0.0
01:53:44, 77.49691870629472, 78.0, 683.3252747119715
01:53:49, 77.55050262237864, 78.0, 0.0
01:53:54, 77.54438374125976, 78.0, 615.2709229393591
01:53:59, 77.59202360139963, 78.0, 0.0
01:54:04, 77.58590472028075, 78.0, 611.9052792035787
01:54:09, 77.63328234265838, 78.0, 0.0
01:54:14, 77.6271634615395, 78.0, 608.545957687561
01:54:19, 77.67427884615488, 78.0, 0.0
01:54:24, 77.668159965036, 78.0, 605.1930596874231
01:54:29, 77.71492569930174, 78.0, 0.0
01:54:34, 77.70880681818286, 78.0, 601.8541400898275
01:54:39, 77.75531031468635, 78.0, 0.0
01:54:44, 77.74919143356747, 78.0, 598.5218803657197
01:54:49, 77.79543269230874, 78.0, 0.0
01:54:54, 77.78931381118986, 78.0, 595.1963818112141
01:54:59, 77.83520541958147, 78.0, 0.0
01:55:04, 77.82908653846259, 78.0, 591.8851993129758
01:55:09, 77.87471590909195, 78.0, 0.0
01:55:14, 77.86859702797307, 78.0, 588.581014341949
01:55:19, 77.91396416084021, 78.0, 0.0
01:55:24, 77.90784527972133, 78.0, 585.2839281942471
01:55:29, 77.95286276223882, 78.0, 0.0
01:55:34, 77.94674388111994, 78.0, 582.0014957565363
01:55:39, 77.99149912587518, 78.0, 0.0
01:55:44, 77.9853802447563, 78.0, 578.7263984997606
01:55:49, 78.02987325174931, 78.0, 0.0
01:55:54, 78.02375437063043, 78.0, 0.0
01:55:59, 78.01763548951155, 78.0, 0.0
01:56:04, 78.01151660839267, 78.0, 0.0
01:56:09, 78.00539772727379, 78.0, 0.0
01:56:14, 77.99927884615491, 78.0, 577.5297551694298
01:56:19, 78.0436844405605, 78.0, 0.0
01:56:24, 78.03756555944162, 78.0, 0.0
01:56:29, 78.03144667832274, 78.0, 0.0
01:56:34, 78.02532779720386, 78.0, 0.0
01:56:39, 78.01920891608498, 78.0, 0.0
01:56:44, 78.0130900349661, 78.0, 0.0
01:56:49, 78.00697115384722, 78.0, 0.0
01:56:54, 78.00085227272834, 78.0, 0.0
01:56:59, 77.99473339160946, 78.0, 577.8821963459085
01:57:04, 78.05024038461644, 78.0, 0.0
01:57:09, 78.04412150349756, 78.0, 0.0
01:57:14, 78.03800262237868, 78.0, 0.0
01:57:19, 78.0318837412598, 78.0, 0.0
01:57:24, 78.02576486014092, 78.0, 0.0
01:57:29, 78.01964597902204, 78.0, 0.0
01:57:34, 78.01352709790316, 78.0, 0.0
01:57:39, 78.00740821678428, 78.0, 0.0
01:57:44, 78.0012893356654, 78.0, 0.0
01:57:49, 77.99517045454652, 78.0, 577.8012444426565
01:57:54, 78.03957604895211, 78.0, 0.0
01:57:59, 78.03345716783323, 78.0, 0.0
01:58:04, 78.02733828671435, 78.0, 0.0
01:58:09, 78.02121940559547, 78.0, 0.0
01:58:14, 78.0151005244766, 78.0, 0.0
01:58:19, 78.00898164335771, 78.0, 0.0
01:58:24, 78.00286276223883, 78.0, 0.0
01:58:29, 77.99674388111995, 78.0, 577.6396285650619
01:58:34, 78.04114947552554, 78.0, 0.0
01:58:39, 78.03503059440666, 78.0, 0.0
01:58:44, 78.02891171328778, 78.0, 0.0
01:58:49, 78.0227928321689, 78.0, 0.0
01:58:54, 78.01667395105002, 78.0, 0.0
01:58:59, 78.01055506993114, 78.0, 0.0
01:59:04, 78.00443618881226, 78.0, 0.0
01:59:09, 77.99831730769338, 78.0, 577.4755815806561
01:59:14, 78.04263548951157, 78.0, 0.0
01:59:19, 78.03651660839269, 78.0, 0.0
01:59:24, 78.03039772727381, 78.0, 0.0
01:59:29, 78.02427884615493, 78.0, 0.0
01:59:34, 78.01815996503605, 78.0, 0.0
01:59:39, 78.01204108391717, 78.0, 0.0
01:59:44, 78.00592220279829, 78.0, 0.0
01:59:49, 77.99980332167941, 78.0, 577.3166583761029
01:59:54, 78.04412150349759, 78.0, 0.0
01:59:59, 78.03800262237871, 78.0, 0.0
02:00:04, 78.03188374125983, 78.0, 0.0
02:00:09, 78.02576486014095, 78.0, 0.0
02:00:14, 78.01964597902207, 78.0, 0.0
02:00:19, 78.0135270979032, 78.0, 0.0
02:00:24, 78.00740821678431, 78.0, 0.0
02:00:29, 77.99975961538571, 78.0, 641.4857799906188
02:00:34, 78.0496722027983, 78.0, 0.0
02:00:39, 78.04355332167943, 78.0, 0.0
02:00:44, 78.03743444056055, 78.0, 0.0
02:00:49, 78.03131555944167, 78.0, 0.0
02:00:54, 78.02519667832279, 78.0, 0.0
02:00:59, 78.0190777972039, 78.0, 0.0
02:01:04, 78.01295891608503, 78.0, 0.0
02:01:09, 78.00684003496615, 78.0, 0.0
02:01:14, 78.00072115384727, 78.0, 0.0
02:01:19, 77.99460227272839, 78.0, 577.6805957963336
02:01:24, 78.03900786713398, 78.0, 0.0
02:01:29, 78.0328889860151, 78.0, 0.0
02:01:34, 78.02677010489622, 78.0, 0.0
02:01:39, 78.02065122377734, 78.0, 0.0
02:01:44, 78.01453234265846, 78.0, 0.0
02:01:49, 78.00841346153958, 78.0, 0.0
02:01:54, 78.0022945804207, 78.0, 0.0
02:01:59, 77.99617569930182, 78.0, 577.5198578184209
02:02:04, 78.0405812937074, 0.0, 0.0
02:02:09, 78.03446241258852, 0.0, 0.0
